{"C:\\Users\\omara\\FYP-rent-a-space\\backend\\server.js": {"path":"C:\\Users\\omara\\FYP-rent-a-space\\backend\\server.js","statementMap":{"0":{"start":{"line":1,"column":0},"end":{"line":1,"column":27}},"1":{"start":{"line":2,"column":16},"end":{"line":2,"column":34}},"2":{"start":{"line":3,"column":19},"end":{"line":3,"column":41}},"3":{"start":{"line":4,"column":13},"end":{"line":4,"column":28}},"4":{"start":{"line":5,"column":13},"end":{"line":5,"column":28}},"5":{"start":{"line":6,"column":11},"end":{"line":6,"column":24}},"6":{"start":{"line":7,"column":21},"end":{"line":7,"column":45}},"7":{"start":{"line":8,"column":26},"end":{"line":8,"column":67}},"8":{"start":{"line":9,"column":19},"end":{"line":9,"column":49}},"9":{"start":{"line":10,"column":22},"end":{"line":10,"column":55}},"10":{"start":{"line":11,"column":23},"end":{"line":11,"column":57}},"11":{"start":{"line":12,"column":22},"end":{"line":12,"column":56}},"12":{"start":{"line":13,"column":22},"end":{"line":13,"column":55}},"13":{"start":{"line":14,"column":22},"end":{"line":14,"column":55}},"14":{"start":{"line":15,"column":28},"end":{"line":15,"column":66}},"15":{"start":{"line":16,"column":23},"end":{"line":16,"column":57}},"16":{"start":{"line":17,"column":15},"end":{"line":17,"column":46}},"17":{"start":{"line":18,"column":28},"end":{"line":18,"column":67}},"18":{"start":{"line":19,"column":13},"end":{"line":19,"column":35}},"19":{"start":{"line":21,"column":15},"end":{"line":23,"column":2}},"20":{"start":{"line":26,"column":12},"end":{"line":26,"column":21}},"21":{"start":{"line":27,"column":13},"end":{"line":27,"column":37}},"22":{"start":{"line":30,"column":18},"end":{"line":30,"column":49}},"23":{"start":{"line":31,"column":0},"end":{"line":33,"column":1}},"24":{"start":{"line":32,"column":4},"end":{"line":32,"column":49}},"25":{"start":{"line":36,"column":0},"end":{"line":39,"column":2}},"26":{"start":{"line":42,"column":0},"end":{"line":45,"column":4}},"27":{"start":{"line":46,"column":0},"end":{"line":46,"column":27}},"28":{"start":{"line":47,"column":0},"end":{"line":47,"column":24}},"29":{"start":{"line":48,"column":0},"end":{"line":48,"column":24}},"30":{"start":{"line":50,"column":0},"end":{"line":50,"column":69}},"31":{"start":{"line":53,"column":0},"end":{"line":55,"column":3}},"32":{"start":{"line":54,"column":4},"end":{"line":54,"column":53}},"33":{"start":{"line":58,"column":0},"end":{"line":64,"column":3}},"34":{"start":{"line":59,"column":4},"end":{"line":63,"column":5}},"35":{"start":{"line":60,"column":8},"end":{"line":60,"column":64}},"36":{"start":{"line":62,"column":8},"end":{"line":62,"column":53}},"37":{"start":{"line":67,"column":0},"end":{"line":67,"column":29}},"38":{"start":{"line":68,"column":0},"end":{"line":68,"column":54}},"39":{"start":{"line":69,"column":0},"end":{"line":69,"column":37}},"40":{"start":{"line":70,"column":0},"end":{"line":70,"column":36}},"41":{"start":{"line":71,"column":0},"end":{"line":71,"column":35}},"42":{"start":{"line":72,"column":0},"end":{"line":72,"column":36}},"43":{"start":{"line":73,"column":0},"end":{"line":73,"column":66}},"44":{"start":{"line":74,"column":0},"end":{"line":74,"column":56}},"45":{"start":{"line":75,"column":0},"end":{"line":75,"column":48}},"46":{"start":{"line":78,"column":0},"end":{"line":87,"column":1}},"47":{"start":{"line":79,"column":19},"end":{"line":82,"column":6}},"48":{"start":{"line":80,"column":8},"end":{"line":80,"column":69}},"49":{"start":{"line":81,"column":8},"end":{"line":81,"column":64}},"50":{"start":{"line":84,"column":4},"end":{"line":86,"column":6}},"51":{"start":{"line":85,"column":8},"end":{"line":85,"column":23}},"52":{"start":{"line":90,"column":0},"end":{"line":90,"column":21}}},"fnMap":{"0":{"name":"(anonymous_0)","decl":{"start":{"line":53,"column":13},"end":{"line":53,"column":14}},"loc":{"start":{"line":53,"column":27},"end":{"line":55,"column":1}},"line":53},"1":{"name":"(anonymous_1)","decl":{"start":{"line":58,"column":27},"end":{"line":58,"column":28}},"loc":{"start":{"line":58,"column":41},"end":{"line":64,"column":1}},"line":58},"2":{"name":"(anonymous_2)","decl":{"start":{"line":79,"column":36},"end":{"line":79,"column":37}},"loc":{"start":{"line":79,"column":42},"end":{"line":82,"column":5}},"line":79},"3":{"name":"(anonymous_3)","decl":{"start":{"line":84,"column":16},"end":{"line":84,"column":17}},"loc":{"start":{"line":84,"column":22},"end":{"line":86,"column":5}},"line":84}},"branchMap":{"0":{"loc":{"start":{"line":27,"column":13},"end":{"line":27,"column":37}},"type":"binary-expr","locations":[{"start":{"line":27,"column":13},"end":{"line":27,"column":29}},{"start":{"line":27,"column":33},"end":{"line":27,"column":37}}],"line":27},"1":{"loc":{"start":{"line":31,"column":0},"end":{"line":33,"column":1}},"type":"if","locations":[{"start":{"line":31,"column":0},"end":{"line":33,"column":1}},{"start":{},"end":{}}],"line":31},"2":{"loc":{"start":{"line":59,"column":4},"end":{"line":63,"column":5}},"type":"if","locations":[{"start":{"line":59,"column":4},"end":{"line":63,"column":5}},{"start":{"line":61,"column":11},"end":{"line":63,"column":5}}],"line":59},"3":{"loc":{"start":{"line":78,"column":0},"end":{"line":87,"column":1}},"type":"if","locations":[{"start":{"line":78,"column":0},"end":{"line":87,"column":1}},{"start":{},"end":{}}],"line":78}},"s":{"0":1,"1":1,"2":1,"3":1,"4":1,"5":1,"6":1,"7":1,"8":1,"9":1,"10":1,"11":1,"12":1,"13":1,"14":1,"15":1,"16":1,"17":1,"18":1,"19":1,"20":1,"21":1,"22":1,"23":1,"24":0,"25":1,"26":1,"27":1,"28":1,"29":1,"30":1,"31":1,"32":0,"33":1,"34":1,"35":0,"36":1,"37":1,"38":1,"39":1,"40":1,"41":1,"42":1,"43":1,"44":1,"45":1,"46":1,"47":0,"48":0,"49":0,"50":0,"51":0,"52":1},"f":{"0":0,"1":1,"2":0,"3":0},"b":{"0":[1,0],"1":[0,1],"2":[0,1],"3":[0,1]},"_coverageSchema":"1a1c01bbd47fc00a2c39e90264f33305004495a9","hash":"60d70f2c58445ab5faadb43d8d3a2ac5c0a46613"}
,"C:\\Users\\omara\\FYP-rent-a-space\\backend\\config\\db.js": {"path":"C:\\Users\\omara\\FYP-rent-a-space\\backend\\config\\db.js","statementMap":{"0":{"start":{"line":1,"column":0},"end":{"line":1,"column":27}},"1":{"start":{"line":2,"column":17},"end":{"line":2,"column":30}},"2":{"start":{"line":5,"column":24},"end":{"line":5,"column":83}},"3":{"start":{"line":6,"column":23},"end":{"line":6,"column":77}},"4":{"start":{"line":6,"column":56},"end":{"line":6,"column":76}},"5":{"start":{"line":8,"column":0},"end":{"line":11,"column":1}},"6":{"start":{"line":9,"column":2},"end":{"line":9,"column":95}},"7":{"start":{"line":10,"column":2},"end":{"line":10,"column":18}},"8":{"start":{"line":14,"column":21},"end":{"line":16,"column":23}},"9":{"start":{"line":18,"column":13},"end":{"line":24,"column":2}},"10":{"start":{"line":26,"column":0},"end":{"line":28,"column":3}},"11":{"start":{"line":27,"column":2},"end":{"line":27,"column":56}},"12":{"start":{"line":30,"column":0},"end":{"line":33,"column":3}},"13":{"start":{"line":31,"column":2},"end":{"line":31,"column":56}},"14":{"start":{"line":32,"column":2},"end":{"line":32,"column":19}},"15":{"start":{"line":35,"column":0},"end":{"line":35,"column":22}}},"fnMap":{"0":{"name":"(anonymous_0)","decl":{"start":{"line":6,"column":46},"end":{"line":6,"column":47}},"loc":{"start":{"line":6,"column":56},"end":{"line":6,"column":76}},"line":6},"1":{"name":"(anonymous_1)","decl":{"start":{"line":26,"column":19},"end":{"line":26,"column":20}},"loc":{"start":{"line":26,"column":25},"end":{"line":28,"column":1}},"line":26},"2":{"name":"(anonymous_2)","decl":{"start":{"line":30,"column":17},"end":{"line":30,"column":18}},"loc":{"start":{"line":30,"column":26},"end":{"line":33,"column":1}},"line":30}},"branchMap":{"0":{"loc":{"start":{"line":8,"column":0},"end":{"line":11,"column":1}},"type":"if","locations":[{"start":{"line":8,"column":0},"end":{"line":11,"column":1}},{"start":{},"end":{}}],"line":8},"1":{"loc":{"start":{"line":14,"column":21},"end":{"line":16,"column":23}},"type":"cond-expr","locations":[{"start":{"line":15,"column":4},"end":{"line":15,"column":27}},{"start":{"line":16,"column":4},"end":{"line":16,"column":23}}],"line":14}},"s":{"0":1,"1":1,"2":1,"3":1,"4":5,"5":1,"6":0,"7":0,"8":1,"9":1,"10":1,"11":2,"12":1,"13":0,"14":0,"15":1},"f":{"0":5,"1":2,"2":0},"b":{"0":[0,1],"1":[1,0]},"_coverageSchema":"1a1c01bbd47fc00a2c39e90264f33305004495a9","hash":"0635baee80224aaebc5600224796bd0cb87f2757"}
,"C:\\Users\\omara\\FYP-rent-a-space\\backend\\config\\db.test.js": {"path":"C:\\Users\\omara\\FYP-rent-a-space\\backend\\config\\db.test.js","statementMap":{"0":{"start":{"line":2,"column":0},"end":{"line":2,"column":27}},"1":{"start":{"line":3,"column":17},"end":{"line":3,"column":30}},"2":{"start":{"line":6,"column":13},"end":{"line":12,"column":2}},"3":{"start":{"line":14,"column":0},"end":{"line":16,"column":3}},"4":{"start":{"line":15,"column":2},"end":{"line":15,"column":48}},"5":{"start":{"line":18,"column":0},"end":{"line":21,"column":3}},"6":{"start":{"line":19,"column":2},"end":{"line":19,"column":65}},"7":{"start":{"line":20,"column":2},"end":{"line":20,"column":19}},"8":{"start":{"line":23,"column":0},"end":{"line":23,"column":22}}},"fnMap":{"0":{"name":"(anonymous_0)","decl":{"start":{"line":14,"column":19},"end":{"line":14,"column":20}},"loc":{"start":{"line":14,"column":25},"end":{"line":16,"column":1}},"line":14},"1":{"name":"(anonymous_1)","decl":{"start":{"line":18,"column":17},"end":{"line":18,"column":18}},"loc":{"start":{"line":18,"column":26},"end":{"line":21,"column":1}},"line":18}},"branchMap":{},"s":{"0":1,"1":1,"2":1,"3":1,"4":1,"5":1,"6":0,"7":0,"8":1},"f":{"0":1,"1":0},"b":{},"_coverageSchema":"1a1c01bbd47fc00a2c39e90264f33305004495a9","hash":"7581a0074bae3fd2d82dea93587ede4ff2a590eb"}
,"C:\\Users\\omara\\FYP-rent-a-space\\backend\\controllers\\ReviewsController.js": {"path":"C:\\Users\\omara\\FYP-rent-a-space\\backend\\controllers\\ReviewsController.js","statementMap":{"0":{"start":{"line":1,"column":13},"end":{"line":1,"column":36}},"1":{"start":{"line":2,"column":31},"end":{"line":2,"column":80}},"2":{"start":{"line":5,"column":21},"end":{"line":128,"column":1}},"3":{"start":{"line":6,"column":19},"end":{"line":6,"column":39}},"4":{"start":{"line":7,"column":4},"end":{"line":127,"column":5}},"5":{"start":{"line":8,"column":23},"end":{"line":8,"column":38}},"6":{"start":{"line":9,"column":60},"end":{"line":9,"column":68}},"7":{"start":{"line":12,"column":8},"end":{"line":16,"column":9}},"8":{"start":{"line":13,"column":12},"end":{"line":15,"column":15}},"9":{"start":{"line":19,"column":8},"end":{"line":23,"column":9}},"10":{"start":{"line":20,"column":12},"end":{"line":22,"column":15}},"11":{"start":{"line":26,"column":8},"end":{"line":30,"column":9}},"12":{"start":{"line":27,"column":12},"end":{"line":29,"column":15}},"13":{"start":{"line":32,"column":8},"end":{"line":32,"column":36}},"14":{"start":{"line":35,"column":31},"end":{"line":41,"column":9}},"15":{"start":{"line":43,"column":8},"end":{"line":48,"column":9}},"16":{"start":{"line":44,"column":12},"end":{"line":44,"column":43}},"17":{"start":{"line":45,"column":12},"end":{"line":47,"column":15}},"18":{"start":{"line":50,"column":24},"end":{"line":50,"column":46}},"19":{"start":{"line":53,"column":29},"end":{"line":57,"column":9}},"20":{"start":{"line":59,"column":8},"end":{"line":64,"column":9}},"21":{"start":{"line":60,"column":12},"end":{"line":60,"column":43}},"22":{"start":{"line":61,"column":12},"end":{"line":63,"column":15}},"23":{"start":{"line":67,"column":31},"end":{"line":70,"column":9}},"24":{"start":{"line":72,"column":8},"end":{"line":77,"column":9}},"25":{"start":{"line":73,"column":12},"end":{"line":73,"column":43}},"26":{"start":{"line":74,"column":12},"end":{"line":76,"column":15}},"27":{"start":{"line":80,"column":29},"end":{"line":86,"column":9}},"28":{"start":{"line":89,"column":32},"end":{"line":92,"column":9}},"29":{"start":{"line":94,"column":29},"end":{"line":94,"column":70}},"30":{"start":{"line":97,"column":8},"end":{"line":109,"column":9}},"31":{"start":{"line":98,"column":12},"end":{"line":104,"column":14}},"32":{"start":{"line":106,"column":12},"end":{"line":106,"column":77}},"33":{"start":{"line":108,"column":12},"end":{"line":108,"column":73}},"34":{"start":{"line":111,"column":8},"end":{"line":111,"column":37}},"35":{"start":{"line":113,"column":8},"end":{"line":116,"column":11}},"36":{"start":{"line":119,"column":8},"end":{"line":119,"column":39}},"37":{"start":{"line":120,"column":8},"end":{"line":120,"column":55}},"38":{"start":{"line":121,"column":8},"end":{"line":124,"column":11}},"39":{"start":{"line":126,"column":8},"end":{"line":126,"column":25}},"40":{"start":{"line":130,"column":26},"end":{"line":184,"column":1}},"41":{"start":{"line":131,"column":4},"end":{"line":183,"column":5}},"42":{"start":{"line":132,"column":31},"end":{"line":132,"column":41}},"43":{"start":{"line":133,"column":91},"end":{"line":133,"column":100}},"44":{"start":{"line":134,"column":23},"end":{"line":134,"column":41}},"45":{"start":{"line":135,"column":32},"end":{"line":135,"column":52}},"46":{"start":{"line":137,"column":28},"end":{"line":137,"column":30}},"47":{"start":{"line":138,"column":8},"end":{"line":147,"column":9}},"48":{"start":{"line":140,"column":16},"end":{"line":140,"column":82}},"49":{"start":{"line":141,"column":16},"end":{"line":141,"column":22}},"50":{"start":{"line":143,"column":16},"end":{"line":143,"column":80}},"51":{"start":{"line":144,"column":16},"end":{"line":144,"column":22}},"52":{"start":{"line":146,"column":16},"end":{"line":146,"column":35}},"53":{"start":{"line":150,"column":27},"end":{"line":154,"column":9}},"54":{"start":{"line":155,"column":27},"end":{"line":155,"column":69}},"55":{"start":{"line":158,"column":22},"end":{"line":171,"column":9}},"56":{"start":{"line":173,"column":24},"end":{"line":173,"column":76}},"57":{"start":{"line":175,"column":8},"end":{"line":180,"column":11}},"58":{"start":{"line":182,"column":8},"end":{"line":182,"column":58}},"59":{"start":{"line":185,"column":23},"end":{"line":201,"column":1}},"60":{"start":{"line":186,"column":4},"end":{"line":200,"column":5}},"61":{"start":{"line":187,"column":23},"end":{"line":187,"column":38}},"62":{"start":{"line":189,"column":24},"end":{"line":194,"column":9}},"63":{"start":{"line":196,"column":8},"end":{"line":196,"column":43}},"64":{"start":{"line":198,"column":8},"end":{"line":198,"column":61}},"65":{"start":{"line":199,"column":8},"end":{"line":199,"column":58}},"66":{"start":{"line":202,"column":21},"end":{"line":253,"column":1}},"67":{"start":{"line":203,"column":19},"end":{"line":203,"column":39}},"68":{"start":{"line":204,"column":4},"end":{"line":252,"column":5}},"69":{"start":{"line":205,"column":23},"end":{"line":205,"column":38}},"70":{"start":{"line":206,"column":71},"end":{"line":206,"column":79}},"71":{"start":{"line":208,"column":8},"end":{"line":210,"column":9}},"72":{"start":{"line":209,"column":12},"end":{"line":209,"column":80}},"73":{"start":{"line":212,"column":8},"end":{"line":214,"column":9}},"74":{"start":{"line":213,"column":12},"end":{"line":213,"column":87}},"75":{"start":{"line":216,"column":8},"end":{"line":218,"column":9}},"76":{"start":{"line":217,"column":12},"end":{"line":217,"column":102}},"77":{"start":{"line":220,"column":8},"end":{"line":220,"column":36}},"78":{"start":{"line":222,"column":28},"end":{"line":225,"column":9}},"79":{"start":{"line":227,"column":8},"end":{"line":230,"column":9}},"80":{"start":{"line":228,"column":12},"end":{"line":228,"column":43}},"81":{"start":{"line":229,"column":12},"end":{"line":229,"column":89}},"82":{"start":{"line":232,"column":23},"end":{"line":238,"column":9}},"83":{"start":{"line":240,"column":8},"end":{"line":240,"column":37}},"84":{"start":{"line":241,"column":8},"end":{"line":244,"column":11}},"85":{"start":{"line":247,"column":8},"end":{"line":247,"column":39}},"86":{"start":{"line":248,"column":8},"end":{"line":248,"column":55}},"87":{"start":{"line":249,"column":8},"end":{"line":249,"column":80}},"88":{"start":{"line":251,"column":8},"end":{"line":251,"column":25}},"89":{"start":{"line":254,"column":21},"end":{"line":287,"column":1}},"90":{"start":{"line":255,"column":19},"end":{"line":255,"column":39}},"91":{"start":{"line":256,"column":4},"end":{"line":286,"column":5}},"92":{"start":{"line":257,"column":23},"end":{"line":257,"column":38}},"93":{"start":{"line":258,"column":29},"end":{"line":258,"column":39}},"94":{"start":{"line":260,"column":8},"end":{"line":260,"column":36}},"95":{"start":{"line":262,"column":28},"end":{"line":265,"column":9}},"96":{"start":{"line":267,"column":8},"end":{"line":270,"column":9}},"97":{"start":{"line":268,"column":12},"end":{"line":268,"column":43}},"98":{"start":{"line":269,"column":12},"end":{"line":269,"column":89}},"99":{"start":{"line":272,"column":8},"end":{"line":275,"column":10}},"100":{"start":{"line":277,"column":8},"end":{"line":277,"column":37}},"101":{"start":{"line":278,"column":8},"end":{"line":278,"column":73}},"102":{"start":{"line":281,"column":8},"end":{"line":281,"column":39}},"103":{"start":{"line":282,"column":8},"end":{"line":282,"column":55}},"104":{"start":{"line":283,"column":8},"end":{"line":283,"column":58}},"105":{"start":{"line":285,"column":8},"end":{"line":285,"column":25}},"106":{"start":{"line":288,"column":0},"end":{"line":294,"column":2}}},"fnMap":{"0":{"name":"(anonymous_0)","decl":{"start":{"line":5,"column":21},"end":{"line":5,"column":22}},"loc":{"start":{"line":5,"column":41},"end":{"line":128,"column":1}},"line":5},"1":{"name":"(anonymous_1)","decl":{"start":{"line":130,"column":26},"end":{"line":130,"column":27}},"loc":{"start":{"line":130,"column":46},"end":{"line":184,"column":1}},"line":130},"2":{"name":"(anonymous_2)","decl":{"start":{"line":185,"column":23},"end":{"line":185,"column":24}},"loc":{"start":{"line":185,"column":43},"end":{"line":201,"column":1}},"line":185},"3":{"name":"(anonymous_3)","decl":{"start":{"line":202,"column":21},"end":{"line":202,"column":22}},"loc":{"start":{"line":202,"column":41},"end":{"line":253,"column":1}},"line":202},"4":{"name":"(anonymous_4)","decl":{"start":{"line":254,"column":21},"end":{"line":254,"column":22}},"loc":{"start":{"line":254,"column":41},"end":{"line":287,"column":1}},"line":254}},"branchMap":{"0":{"loc":{"start":{"line":12,"column":8},"end":{"line":16,"column":9}},"type":"if","locations":[{"start":{"line":12,"column":8},"end":{"line":16,"column":9}},{"start":{},"end":{}}],"line":12},"1":{"loc":{"start":{"line":12,"column":12},"end":{"line":12,"column":61}},"type":"binary-expr","locations":[{"start":{"line":12,"column":12},"end":{"line":12,"column":23}},{"start":{"line":12,"column":27},"end":{"line":12,"column":38}},{"start":{"line":12,"column":42},"end":{"line":12,"column":49}},{"start":{"line":12,"column":53},"end":{"line":12,"column":61}}],"line":12},"2":{"loc":{"start":{"line":19,"column":8},"end":{"line":23,"column":9}},"type":"if","locations":[{"start":{"line":19,"column":8},"end":{"line":23,"column":9}},{"start":{},"end":{}}],"line":19},"3":{"loc":{"start":{"line":19,"column":12},"end":{"line":19,"column":36}},"type":"binary-expr","locations":[{"start":{"line":19,"column":12},"end":{"line":19,"column":22}},{"start":{"line":19,"column":26},"end":{"line":19,"column":36}}],"line":19},"4":{"loc":{"start":{"line":26,"column":8},"end":{"line":30,"column":9}},"type":"if","locations":[{"start":{"line":26,"column":8},"end":{"line":30,"column":9}},{"start":{},"end":{}}],"line":26},"5":{"loc":{"start":{"line":43,"column":8},"end":{"line":48,"column":9}},"type":"if","locations":[{"start":{"line":43,"column":8},"end":{"line":48,"column":9}},{"start":{},"end":{}}],"line":43},"6":{"loc":{"start":{"line":59,"column":8},"end":{"line":64,"column":9}},"type":"if","locations":[{"start":{"line":59,"column":8},"end":{"line":64,"column":9}},{"start":{},"end":{}}],"line":59},"7":{"loc":{"start":{"line":72,"column":8},"end":{"line":77,"column":9}},"type":"if","locations":[{"start":{"line":72,"column":8},"end":{"line":77,"column":9}},{"start":{},"end":{}}],"line":72},"8":{"loc":{"start":{"line":94,"column":29},"end":{"line":94,"column":70}},"type":"binary-expr","locations":[{"start":{"line":94,"column":29},"end":{"line":94,"column":58}},{"start":{"line":94,"column":62},"end":{"line":94,"column":70}}],"line":94},"9":{"loc":{"start":{"line":133,"column":16},"end":{"line":133,"column":34}},"type":"default-arg","locations":[{"start":{"line":133,"column":29},"end":{"line":133,"column":34}}],"line":133},"10":{"loc":{"start":{"line":133,"column":36},"end":{"line":133,"column":65}},"type":"default-arg","locations":[{"start":{"line":133,"column":48},"end":{"line":133,"column":65}}],"line":133},"11":{"loc":{"start":{"line":133,"column":67},"end":{"line":133,"column":75}},"type":"default-arg","locations":[{"start":{"line":133,"column":74},"end":{"line":133,"column":75}}],"line":133},"12":{"loc":{"start":{"line":133,"column":77},"end":{"line":133,"column":86}},"type":"default-arg","locations":[{"start":{"line":133,"column":85},"end":{"line":133,"column":86}}],"line":133},"13":{"loc":{"start":{"line":138,"column":8},"end":{"line":147,"column":9}},"type":"switch","locations":[{"start":{"line":139,"column":12},"end":{"line":141,"column":22}},{"start":{"line":142,"column":12},"end":{"line":144,"column":22}},{"start":{"line":145,"column":12},"end":{"line":146,"column":35}}],"line":138},"14":{"loc":{"start":{"line":177,"column":27},"end":{"line":177,"column":63}},"type":"binary-expr","locations":[{"start":{"line":177,"column":27},"end":{"line":177,"column":58}},{"start":{"line":177,"column":62},"end":{"line":177,"column":63}}],"line":177},"15":{"loc":{"start":{"line":208,"column":8},"end":{"line":210,"column":9}},"type":"if","locations":[{"start":{"line":208,"column":8},"end":{"line":210,"column":9}},{"start":{},"end":{}}],"line":208},"16":{"loc":{"start":{"line":208,"column":12},"end":{"line":208,"column":45}},"type":"binary-expr","locations":[{"start":{"line":208,"column":12},"end":{"line":208,"column":22}},{"start":{"line":208,"column":26},"end":{"line":208,"column":33}},{"start":{"line":208,"column":37},"end":{"line":208,"column":45}}],"line":208},"17":{"loc":{"start":{"line":212,"column":8},"end":{"line":214,"column":9}},"type":"if","locations":[{"start":{"line":212,"column":8},"end":{"line":214,"column":9}},{"start":{},"end":{}}],"line":212},"18":{"loc":{"start":{"line":212,"column":12},"end":{"line":212,"column":36}},"type":"binary-expr","locations":[{"start":{"line":212,"column":12},"end":{"line":212,"column":22}},{"start":{"line":212,"column":26},"end":{"line":212,"column":36}}],"line":212},"19":{"loc":{"start":{"line":216,"column":8},"end":{"line":218,"column":9}},"type":"if","locations":[{"start":{"line":216,"column":8},"end":{"line":218,"column":9}},{"start":{},"end":{}}],"line":216},"20":{"loc":{"start":{"line":227,"column":8},"end":{"line":230,"column":9}},"type":"if","locations":[{"start":{"line":227,"column":8},"end":{"line":230,"column":9}},{"start":{},"end":{}}],"line":227},"21":{"loc":{"start":{"line":267,"column":8},"end":{"line":270,"column":9}},"type":"if","locations":[{"start":{"line":267,"column":8},"end":{"line":270,"column":9}},{"start":{},"end":{}}],"line":267}},"s":{"0":1,"1":1,"2":1,"3":0,"4":0,"5":0,"6":0,"7":0,"8":0,"9":0,"10":0,"11":0,"12":0,"13":0,"14":0,"15":0,"16":0,"17":0,"18":0,"19":0,"20":0,"21":0,"22":0,"23":0,"24":0,"25":0,"26":0,"27":0,"28":0,"29":0,"30":0,"31":0,"32":0,"33":0,"34":0,"35":0,"36":0,"37":0,"38":0,"39":0,"40":1,"41":0,"42":0,"43":0,"44":0,"45":0,"46":0,"47":0,"48":0,"49":0,"50":0,"51":0,"52":0,"53":0,"54":0,"55":0,"56":0,"57":0,"58":0,"59":1,"60":0,"61":0,"62":0,"63":0,"64":0,"65":0,"66":1,"67":0,"68":0,"69":0,"70":0,"71":0,"72":0,"73":0,"74":0,"75":0,"76":0,"77":0,"78":0,"79":0,"80":0,"81":0,"82":0,"83":0,"84":0,"85":0,"86":0,"87":0,"88":0,"89":1,"90":0,"91":0,"92":0,"93":0,"94":0,"95":0,"96":0,"97":0,"98":0,"99":0,"100":0,"101":0,"102":0,"103":0,"104":0,"105":0,"106":1},"f":{"0":0,"1":0,"2":0,"3":0,"4":0},"b":{"0":[0,0],"1":[0,0,0,0],"2":[0,0],"3":[0,0],"4":[0,0],"5":[0,0],"6":[0,0],"7":[0,0],"8":[0,0],"9":[0],"10":[0],"11":[0],"12":[0],"13":[0,0,0],"14":[0,0],"15":[0,0],"16":[0,0,0],"17":[0,0],"18":[0,0],"19":[0,0],"20":[0,0],"21":[0,0]},"_coverageSchema":"1a1c01bbd47fc00a2c39e90264f33305004495a9","hash":"77640259a435194ba21f4d554dde9dc596b3bac2"}
,"C:\\Users\\omara\\FYP-rent-a-space\\backend\\controllers\\authController.js": {"path":"C:\\Users\\omara\\FYP-rent-a-space\\backend\\controllers\\authController.js","statementMap":{"0":{"start":{"line":2,"column":15},"end":{"line":2,"column":32}},"1":{"start":{"line":3,"column":18},"end":{"line":3,"column":38}},"2":{"start":{"line":4,"column":13},"end":{"line":4,"column":36}},"3":{"start":{"line":5,"column":67},"end":{"line":5,"column":102}},"4":{"start":{"line":8,"column":15},"end":{"line":103,"column":1}},"5":{"start":{"line":9,"column":36},"end":{"line":9,"column":44}},"6":{"start":{"line":11,"column":2},"end":{"line":102,"column":3}},"7":{"start":{"line":13,"column":4},"end":{"line":18,"column":5}},"8":{"start":{"line":14,"column":6},"end":{"line":17,"column":9}},"9":{"start":{"line":20,"column":4},"end":{"line":25,"column":5}},"10":{"start":{"line":21,"column":6},"end":{"line":24,"column":9}},"11":{"start":{"line":27,"column":4},"end":{"line":32,"column":5}},"12":{"start":{"line":28,"column":6},"end":{"line":31,"column":9}},"13":{"start":{"line":35,"column":4},"end":{"line":40,"column":5}},"14":{"start":{"line":36,"column":6},"end":{"line":39,"column":9}},"15":{"start":{"line":42,"column":4},"end":{"line":47,"column":5}},"16":{"start":{"line":43,"column":6},"end":{"line":46,"column":9}},"17":{"start":{"line":49,"column":4},"end":{"line":54,"column":5}},"18":{"start":{"line":50,"column":6},"end":{"line":53,"column":9}},"19":{"start":{"line":57,"column":23},"end":{"line":57,"column":88}},"20":{"start":{"line":58,"column":4},"end":{"line":63,"column":5}},"21":{"start":{"line":59,"column":6},"end":{"line":62,"column":9}},"22":{"start":{"line":66,"column":27},"end":{"line":66,"column":58}},"23":{"start":{"line":69,"column":20},"end":{"line":72,"column":5}},"24":{"start":{"line":75,"column":42},"end":{"line":75,"column":82}},"25":{"start":{"line":78,"column":4},"end":{"line":84,"column":9}},"26":{"start":{"line":86,"column":4},"end":{"line":95,"column":7}},"27":{"start":{"line":97,"column":4},"end":{"line":97,"column":33}},"28":{"start":{"line":98,"column":4},"end":{"line":101,"column":7}},"29":{"start":{"line":106,"column":14},"end":{"line":165,"column":1}},"30":{"start":{"line":107,"column":30},"end":{"line":107,"column":38}},"31":{"start":{"line":109,"column":2},"end":{"line":164,"column":3}},"32":{"start":{"line":111,"column":4},"end":{"line":116,"column":5}},"33":{"start":{"line":112,"column":6},"end":{"line":115,"column":9}},"34":{"start":{"line":119,"column":17},"end":{"line":119,"column":82}},"35":{"start":{"line":120,"column":4},"end":{"line":125,"column":5}},"36":{"start":{"line":121,"column":6},"end":{"line":124,"column":9}},"37":{"start":{"line":128,"column":28},"end":{"line":128,"column":81}},"38":{"start":{"line":129,"column":4},"end":{"line":134,"column":5}},"39":{"start":{"line":130,"column":6},"end":{"line":133,"column":9}},"40":{"start":{"line":137,"column":42},"end":{"line":137,"column":79}},"41":{"start":{"line":140,"column":4},"end":{"line":146,"column":9}},"42":{"start":{"line":148,"column":4},"end":{"line":157,"column":7}},"43":{"start":{"line":159,"column":4},"end":{"line":159,"column":33}},"44":{"start":{"line":160,"column":4},"end":{"line":163,"column":7}},"45":{"start":{"line":169,"column":16},"end":{"line":207,"column":3}},"46":{"start":{"line":170,"column":4},"end":{"line":206,"column":5}},"47":{"start":{"line":172,"column":6},"end":{"line":172,"column":43}},"48":{"start":{"line":173,"column":6},"end":{"line":173,"column":45}},"49":{"start":{"line":176,"column":27},"end":{"line":176,"column":78}},"50":{"start":{"line":177,"column":6},"end":{"line":177,"column":52}},"51":{"start":{"line":179,"column":6},"end":{"line":184,"column":7}},"52":{"start":{"line":180,"column":8},"end":{"line":183,"column":11}},"53":{"start":{"line":187,"column":26},"end":{"line":187,"column":64}},"54":{"start":{"line":189,"column":6},"end":{"line":194,"column":7}},"55":{"start":{"line":190,"column":8},"end":{"line":193,"column":11}},"56":{"start":{"line":196,"column":6},"end":{"line":199,"column":9}},"57":{"start":{"line":201,"column":6},"end":{"line":201,"column":53}},"58":{"start":{"line":202,"column":6},"end":{"line":205,"column":9}},"59":{"start":{"line":211,"column":15},"end":{"line":240,"column":3}},"60":{"start":{"line":212,"column":4},"end":{"line":239,"column":5}},"61":{"start":{"line":214,"column":27},"end":{"line":214,"column":78}},"62":{"start":{"line":217,"column":6},"end":{"line":217,"column":52}},"63":{"start":{"line":218,"column":6},"end":{"line":218,"column":46}},"64":{"start":{"line":219,"column":6},"end":{"line":219,"column":57}},"65":{"start":{"line":221,"column":6},"end":{"line":224,"column":7}},"66":{"start":{"line":223,"column":8},"end":{"line":223,"column":47}},"67":{"start":{"line":227,"column":6},"end":{"line":227,"column":38}},"68":{"start":{"line":229,"column":6},"end":{"line":232,"column":9}},"69":{"start":{"line":234,"column":6},"end":{"line":234,"column":52}},"70":{"start":{"line":235,"column":6},"end":{"line":238,"column":9}},"71":{"start":{"line":242,"column":23},"end":{"line":251,"column":1}},"72":{"start":{"line":243,"column":2},"end":{"line":250,"column":3}},"73":{"start":{"line":244,"column":17},"end":{"line":244,"column":103}},"74":{"start":{"line":245,"column":4},"end":{"line":245,"column":91}},"75":{"start":{"line":245,"column":32},"end":{"line":245,"column":91}},"76":{"start":{"line":246,"column":4},"end":{"line":246,"column":27}},"77":{"start":{"line":248,"column":4},"end":{"line":248,"column":31}},"78":{"start":{"line":249,"column":4},"end":{"line":249,"column":63}},"79":{"start":{"line":253,"column":0},"end":{"line":259,"column":2}}},"fnMap":{"0":{"name":"(anonymous_0)","decl":{"start":{"line":8,"column":15},"end":{"line":8,"column":16}},"loc":{"start":{"line":8,"column":35},"end":{"line":103,"column":1}},"line":8},"1":{"name":"(anonymous_1)","decl":{"start":{"line":106,"column":14},"end":{"line":106,"column":15}},"loc":{"start":{"line":106,"column":34},"end":{"line":165,"column":1}},"line":106},"2":{"name":"(anonymous_2)","decl":{"start":{"line":169,"column":16},"end":{"line":169,"column":17}},"loc":{"start":{"line":169,"column":36},"end":{"line":207,"column":3}},"line":169},"3":{"name":"(anonymous_3)","decl":{"start":{"line":211,"column":15},"end":{"line":211,"column":16}},"loc":{"start":{"line":211,"column":35},"end":{"line":240,"column":3}},"line":211},"4":{"name":"(anonymous_4)","decl":{"start":{"line":242,"column":23},"end":{"line":242,"column":24}},"loc":{"start":{"line":242,"column":43},"end":{"line":251,"column":1}},"line":242}},"branchMap":{"0":{"loc":{"start":{"line":13,"column":4},"end":{"line":18,"column":5}},"type":"if","locations":[{"start":{"line":13,"column":4},"end":{"line":18,"column":5}},{"start":{},"end":{}}],"line":13},"1":{"loc":{"start":{"line":13,"column":8},"end":{"line":13,"column":36}},"type":"binary-expr","locations":[{"start":{"line":13,"column":8},"end":{"line":13,"column":13}},{"start":{"line":13,"column":17},"end":{"line":13,"column":23}},{"start":{"line":13,"column":27},"end":{"line":13,"column":36}}],"line":13},"2":{"loc":{"start":{"line":20,"column":4},"end":{"line":25,"column":5}},"type":"if","locations":[{"start":{"line":20,"column":4},"end":{"line":25,"column":5}},{"start":{},"end":{}}],"line":20},"3":{"loc":{"start":{"line":27,"column":4},"end":{"line":32,"column":5}},"type":"if","locations":[{"start":{"line":27,"column":4},"end":{"line":32,"column":5}},{"start":{},"end":{}}],"line":27},"4":{"loc":{"start":{"line":35,"column":4},"end":{"line":40,"column":5}},"type":"if","locations":[{"start":{"line":35,"column":4},"end":{"line":40,"column":5}},{"start":{},"end":{}}],"line":35},"5":{"loc":{"start":{"line":42,"column":4},"end":{"line":47,"column":5}},"type":"if","locations":[{"start":{"line":42,"column":4},"end":{"line":47,"column":5}},{"start":{},"end":{}}],"line":42},"6":{"loc":{"start":{"line":49,"column":4},"end":{"line":54,"column":5}},"type":"if","locations":[{"start":{"line":49,"column":4},"end":{"line":54,"column":5}},{"start":{},"end":{}}],"line":49},"7":{"loc":{"start":{"line":58,"column":4},"end":{"line":63,"column":5}},"type":"if","locations":[{"start":{"line":58,"column":4},"end":{"line":63,"column":5}},{"start":{},"end":{}}],"line":58},"8":{"loc":{"start":{"line":111,"column":4},"end":{"line":116,"column":5}},"type":"if","locations":[{"start":{"line":111,"column":4},"end":{"line":116,"column":5}},{"start":{},"end":{}}],"line":111},"9":{"loc":{"start":{"line":111,"column":8},"end":{"line":111,"column":27}},"type":"binary-expr","locations":[{"start":{"line":111,"column":8},"end":{"line":111,"column":14}},{"start":{"line":111,"column":18},"end":{"line":111,"column":27}}],"line":111},"10":{"loc":{"start":{"line":120,"column":4},"end":{"line":125,"column":5}},"type":"if","locations":[{"start":{"line":120,"column":4},"end":{"line":125,"column":5}},{"start":{},"end":{}}],"line":120},"11":{"loc":{"start":{"line":129,"column":4},"end":{"line":134,"column":5}},"type":"if","locations":[{"start":{"line":129,"column":4},"end":{"line":134,"column":5}},{"start":{},"end":{}}],"line":129},"12":{"loc":{"start":{"line":176,"column":27},"end":{"line":176,"column":78}},"type":"binary-expr","locations":[{"start":{"line":176,"column":27},"end":{"line":176,"column":52}},{"start":{"line":176,"column":56},"end":{"line":176,"column":78}}],"line":176},"13":{"loc":{"start":{"line":179,"column":6},"end":{"line":184,"column":7}},"type":"if","locations":[{"start":{"line":179,"column":6},"end":{"line":184,"column":7}},{"start":{},"end":{}}],"line":179},"14":{"loc":{"start":{"line":189,"column":6},"end":{"line":194,"column":7}},"type":"if","locations":[{"start":{"line":189,"column":6},"end":{"line":194,"column":7}},{"start":{},"end":{}}],"line":189},"15":{"loc":{"start":{"line":214,"column":27},"end":{"line":214,"column":78}},"type":"binary-expr","locations":[{"start":{"line":214,"column":27},"end":{"line":214,"column":52}},{"start":{"line":214,"column":56},"end":{"line":214,"column":78}}],"line":214},"16":{"loc":{"start":{"line":221,"column":6},"end":{"line":224,"column":7}},"type":"if","locations":[{"start":{"line":221,"column":6},"end":{"line":224,"column":7}},{"start":{},"end":{}}],"line":221},"17":{"loc":{"start":{"line":245,"column":4},"end":{"line":245,"column":91}},"type":"if","locations":[{"start":{"line":245,"column":4},"end":{"line":245,"column":91}},{"start":{},"end":{}}],"line":245}},"s":{"0":1,"1":1,"2":1,"3":1,"4":1,"5":0,"6":0,"7":0,"8":0,"9":0,"10":0,"11":0,"12":0,"13":0,"14":0,"15":0,"16":0,"17":0,"18":0,"19":0,"20":0,"21":0,"22":0,"23":0,"24":0,"25":0,"26":0,"27":0,"28":0,"29":1,"30":0,"31":0,"32":0,"33":0,"34":0,"35":0,"36":0,"37":0,"38":0,"39":0,"40":0,"41":0,"42":0,"43":0,"44":0,"45":1,"46":0,"47":0,"48":0,"49":0,"50":0,"51":0,"52":0,"53":0,"54":0,"55":0,"56":0,"57":0,"58":0,"59":1,"60":0,"61":0,"62":0,"63":0,"64":0,"65":0,"66":0,"67":0,"68":0,"69":0,"70":0,"71":1,"72":0,"73":0,"74":0,"75":0,"76":0,"77":0,"78":0,"79":1},"f":{"0":0,"1":0,"2":0,"3":0,"4":0},"b":{"0":[0,0],"1":[0,0,0],"2":[0,0],"3":[0,0],"4":[0,0],"5":[0,0],"6":[0,0],"7":[0,0],"8":[0,0],"9":[0,0],"10":[0,0],"11":[0,0],"12":[0,0],"13":[0,0],"14":[0,0],"15":[0,0],"16":[0,0],"17":[0,0]},"_coverageSchema":"1a1c01bbd47fc00a2c39e90264f33305004495a9","hash":"1da748156ee29807f4b90a496e02e8e80c28fd3c"}
,"C:\\Users\\omara\\FYP-rent-a-space\\backend\\controllers\\bookingsController.js": {"path":"C:\\Users\\omara\\FYP-rent-a-space\\backend\\controllers\\bookingsController.js","statementMap":{"0":{"start":{"line":1,"column":13},"end":{"line":1,"column":36}},"1":{"start":{"line":2,"column":31},"end":{"line":2,"column":80}},"2":{"start":{"line":5,"column":22},"end":{"line":182,"column":1}},"3":{"start":{"line":6,"column":4},"end":{"line":181,"column":5}},"4":{"start":{"line":7,"column":23},"end":{"line":7,"column":38}},"5":{"start":{"line":16,"column":12},"end":{"line":16,"column":20}},"6":{"start":{"line":19,"column":8},"end":{"line":23,"column":9}},"7":{"start":{"line":20,"column":12},"end":{"line":22,"column":15}},"8":{"start":{"line":27,"column":8},"end":{"line":65,"column":9}},"9":{"start":{"line":28,"column":12},"end":{"line":32,"column":13}},"10":{"start":{"line":29,"column":16},"end":{"line":31,"column":19}},"11":{"start":{"line":35,"column":29},"end":{"line":35,"column":48}},"12":{"start":{"line":36,"column":12},"end":{"line":40,"column":13}},"13":{"start":{"line":37,"column":16},"end":{"line":39,"column":19}},"14":{"start":{"line":43,"column":47},"end":{"line":43,"column":79}},"15":{"start":{"line":44,"column":12},"end":{"line":44,"column":46}},"16":{"start":{"line":45,"column":12},"end":{"line":45,"column":66}},"17":{"start":{"line":48,"column":43},"end":{"line":48,"column":73}},"18":{"start":{"line":49,"column":12},"end":{"line":49,"column":44}},"19":{"start":{"line":50,"column":12},"end":{"line":50,"column":60}},"20":{"start":{"line":54,"column":12},"end":{"line":58,"column":13}},"21":{"start":{"line":55,"column":16},"end":{"line":57,"column":19}},"22":{"start":{"line":60,"column":12},"end":{"line":60,"column":47}},"23":{"start":{"line":61,"column":12},"end":{"line":61,"column":46}},"24":{"start":{"line":63,"column":12},"end":{"line":63,"column":43}},"25":{"start":{"line":64,"column":12},"end":{"line":64,"column":49}},"26":{"start":{"line":68,"column":8},"end":{"line":72,"column":9}},"27":{"start":{"line":69,"column":12},"end":{"line":71,"column":15}},"28":{"start":{"line":75,"column":8},"end":{"line":79,"column":9}},"29":{"start":{"line":76,"column":12},"end":{"line":78,"column":15}},"30":{"start":{"line":82,"column":30},"end":{"line":88,"column":9}},"31":{"start":{"line":90,"column":8},"end":{"line":94,"column":9}},"32":{"start":{"line":91,"column":12},"end":{"line":93,"column":15}},"33":{"start":{"line":97,"column":23},"end":{"line":97,"column":43}},"34":{"start":{"line":98,"column":8},"end":{"line":173,"column":9}},"35":{"start":{"line":99,"column":12},"end":{"line":99,"column":40}},"36":{"start":{"line":101,"column":35},"end":{"line":104,"column":13}},"37":{"start":{"line":107,"column":27},"end":{"line":113,"column":13}},"38":{"start":{"line":114,"column":12},"end":{"line":119,"column":14}},"39":{"start":{"line":122,"column":44},"end":{"line":122,"column":100}},"40":{"start":{"line":123,"column":12},"end":{"line":132,"column":13}},"41":{"start":{"line":124,"column":16},"end":{"line":131,"column":67}},"42":{"start":{"line":125,"column":20},"end":{"line":130,"column":22}},"43":{"start":{"line":133,"column":32},"end":{"line":133,"column":92}},"44":{"start":{"line":134,"column":0},"end":{"line":144,"column":1}},"45":{"start":{"line":135,"column":4},"end":{"line":143,"column":43}},"46":{"start":{"line":136,"column":8},"end":{"line":142,"column":10}},"47":{"start":{"line":146,"column":12},"end":{"line":161,"column":13}},"48":{"start":{"line":147,"column":36},"end":{"line":150,"column":17}},"49":{"start":{"line":152,"column":16},"end":{"line":158,"column":18}},"50":{"start":{"line":160,"column":16},"end":{"line":160,"column":86}},"51":{"start":{"line":163,"column":12},"end":{"line":163,"column":41}},"52":{"start":{"line":164,"column":12},"end":{"line":167,"column":15}},"53":{"start":{"line":169,"column":12},"end":{"line":169,"column":43}},"54":{"start":{"line":170,"column":12},"end":{"line":170,"column":24}},"55":{"start":{"line":172,"column":12},"end":{"line":172,"column":29}},"56":{"start":{"line":176,"column":8},"end":{"line":176,"column":56}},"57":{"start":{"line":177,"column":8},"end":{"line":180,"column":11}},"58":{"start":{"line":184,"column":24},"end":{"line":236,"column":1}},"59":{"start":{"line":185,"column":19},"end":{"line":185,"column":39}},"60":{"start":{"line":186,"column":4},"end":{"line":235,"column":5}},"61":{"start":{"line":187,"column":23},"end":{"line":187,"column":38}},"62":{"start":{"line":189,"column":8},"end":{"line":189,"column":59}},"63":{"start":{"line":192,"column":8},"end":{"line":199,"column":10}},"64":{"start":{"line":202,"column":23},"end":{"line":224,"column":9}},"65":{"start":{"line":226,"column":8},"end":{"line":226,"column":59}},"66":{"start":{"line":227,"column":8},"end":{"line":227,"column":55}},"67":{"start":{"line":229,"column":8},"end":{"line":229,"column":42}},"68":{"start":{"line":231,"column":8},"end":{"line":231,"column":62}},"69":{"start":{"line":232,"column":8},"end":{"line":232,"column":58}},"70":{"start":{"line":234,"column":8},"end":{"line":234,"column":25}},"71":{"start":{"line":238,"column":27},"end":{"line":256,"column":1}},"72":{"start":{"line":239,"column":4},"end":{"line":255,"column":5}},"73":{"start":{"line":240,"column":31},"end":{"line":240,"column":41}},"74":{"start":{"line":241,"column":23},"end":{"line":250,"column":9}},"75":{"start":{"line":251,"column":8},"end":{"line":251,"column":42}},"76":{"start":{"line":253,"column":8},"end":{"line":253,"column":65}},"77":{"start":{"line":254,"column":8},"end":{"line":254,"column":58}},"78":{"start":{"line":258,"column":22},"end":{"line":336,"column":1}},"79":{"start":{"line":259,"column":19},"end":{"line":259,"column":39}},"80":{"start":{"line":260,"column":4},"end":{"line":335,"column":5}},"81":{"start":{"line":261,"column":8},"end":{"line":261,"column":36}},"82":{"start":{"line":263,"column":26},"end":{"line":263,"column":39}},"83":{"start":{"line":264,"column":23},"end":{"line":264,"column":38}},"84":{"start":{"line":267,"column":30},"end":{"line":270,"column":9}},"85":{"start":{"line":272,"column":8},"end":{"line":276,"column":9}},"86":{"start":{"line":273,"column":12},"end":{"line":275,"column":15}},"87":{"start":{"line":278,"column":24},"end":{"line":278,"column":45}},"88":{"start":{"line":281,"column":8},"end":{"line":285,"column":9}},"89":{"start":{"line":282,"column":12},"end":{"line":284,"column":15}},"90":{"start":{"line":288,"column":8},"end":{"line":294,"column":10}},"91":{"start":{"line":296,"column":8},"end":{"line":301,"column":10}},"92":{"start":{"line":303,"column":8},"end":{"line":322,"column":9}},"93":{"start":{"line":304,"column":35},"end":{"line":311,"column":13}},"94":{"start":{"line":313,"column":12},"end":{"line":319,"column":14}},"95":{"start":{"line":321,"column":12},"end":{"line":321,"column":82}},"96":{"start":{"line":324,"column":8},"end":{"line":324,"column":37}},"97":{"start":{"line":325,"column":8},"end":{"line":328,"column":11}},"98":{"start":{"line":330,"column":8},"end":{"line":330,"column":39}},"99":{"start":{"line":331,"column":8},"end":{"line":331,"column":58}},"100":{"start":{"line":332,"column":8},"end":{"line":332,"column":58}},"101":{"start":{"line":334,"column":8},"end":{"line":334,"column":25}},"102":{"start":{"line":337,"column":22},"end":{"line":538,"column":1}},"103":{"start":{"line":338,"column":4},"end":{"line":537,"column":5}},"104":{"start":{"line":339,"column":26},"end":{"line":339,"column":39}},"105":{"start":{"line":340,"column":23},"end":{"line":340,"column":38}},"106":{"start":{"line":341,"column":47},"end":{"line":341,"column":55}},"107":{"start":{"line":344,"column":8},"end":{"line":348,"column":9}},"108":{"start":{"line":345,"column":12},"end":{"line":347,"column":15}},"109":{"start":{"line":351,"column":29},"end":{"line":351,"column":52}},"110":{"start":{"line":352,"column":27},"end":{"line":352,"column":48}},"111":{"start":{"line":355,"column":32},"end":{"line":363,"column":10}},"112":{"start":{"line":365,"column":30},"end":{"line":373,"column":10}},"113":{"start":{"line":376,"column":8},"end":{"line":380,"column":9}},"114":{"start":{"line":377,"column":12},"end":{"line":379,"column":15}},"115":{"start":{"line":383,"column":8},"end":{"line":387,"column":9}},"116":{"start":{"line":384,"column":12},"end":{"line":386,"column":15}},"117":{"start":{"line":390,"column":23},"end":{"line":390,"column":43}},"118":{"start":{"line":391,"column":8},"end":{"line":529,"column":9}},"119":{"start":{"line":392,"column":12},"end":{"line":392,"column":40}},"120":{"start":{"line":395,"column":36},"end":{"line":407,"column":13}},"121":{"start":{"line":409,"column":12},"end":{"line":414,"column":13}},"122":{"start":{"line":410,"column":16},"end":{"line":410,"column":47}},"123":{"start":{"line":411,"column":16},"end":{"line":413,"column":19}},"124":{"start":{"line":416,"column":28},"end":{"line":416,"column":51}},"125":{"start":{"line":419,"column":37},"end":{"line":419,"column":65}},"126":{"start":{"line":420,"column":35},"end":{"line":420,"column":61}},"127":{"start":{"line":422,"column":12},"end":{"line":427,"column":13}},"128":{"start":{"line":423,"column":16},"end":{"line":423,"column":47}},"129":{"start":{"line":424,"column":16},"end":{"line":426,"column":19}},"130":{"start":{"line":430,"column":12},"end":{"line":450,"column":13}},"131":{"start":{"line":431,"column":56},"end":{"line":431,"column":107}},"132":{"start":{"line":432,"column":52},"end":{"line":432,"column":101}},"133":{"start":{"line":434,"column":41},"end":{"line":434,"column":70}},"134":{"start":{"line":435,"column":40},"end":{"line":435,"column":71}},"135":{"start":{"line":436,"column":39},"end":{"line":436,"column":66}},"136":{"start":{"line":437,"column":38},"end":{"line":437,"column":67}},"137":{"start":{"line":439,"column":42},"end":{"line":439,"column":77}},"138":{"start":{"line":440,"column":40},"end":{"line":440,"column":71}},"139":{"start":{"line":441,"column":44},"end":{"line":441,"column":83}},"140":{"start":{"line":442,"column":42},"end":{"line":442,"column":77}},"141":{"start":{"line":444,"column":16},"end":{"line":449,"column":17}},"142":{"start":{"line":445,"column":20},"end":{"line":445,"column":51}},"143":{"start":{"line":446,"column":20},"end":{"line":448,"column":23}},"144":{"start":{"line":453,"column":34},"end":{"line":461,"column":13}},"145":{"start":{"line":463,"column":12},"end":{"line":468,"column":13}},"146":{"start":{"line":464,"column":16},"end":{"line":464,"column":47}},"147":{"start":{"line":465,"column":16},"end":{"line":467,"column":19}},"148":{"start":{"line":472,"column":12},"end":{"line":478,"column":13}},"149":{"start":{"line":473,"column":30},"end":{"line":473,"column":87}},"150":{"start":{"line":474,"column":16},"end":{"line":474,"column":51}},"151":{"start":{"line":476,"column":29},"end":{"line":476,"column":91}},"152":{"start":{"line":477,"column":16},"end":{"line":477,"column":50}},"153":{"start":{"line":481,"column":27},"end":{"line":490,"column":13}},"154":{"start":{"line":492,"column":12},"end":{"line":497,"column":14}},"155":{"start":{"line":499,"column":12},"end":{"line":516,"column":13}},"156":{"start":{"line":500,"column":37},"end":{"line":505,"column":17}},"157":{"start":{"line":507,"column":16},"end":{"line":513,"column":18}},"158":{"start":{"line":515,"column":16},"end":{"line":515,"column":86}},"159":{"start":{"line":518,"column":12},"end":{"line":518,"column":41}},"160":{"start":{"line":519,"column":12},"end":{"line":522,"column":15}},"161":{"start":{"line":525,"column":12},"end":{"line":525,"column":43}},"162":{"start":{"line":526,"column":12},"end":{"line":526,"column":24}},"163":{"start":{"line":528,"column":12},"end":{"line":528,"column":29}},"164":{"start":{"line":532,"column":8},"end":{"line":532,"column":56}},"165":{"start":{"line":533,"column":8},"end":{"line":536,"column":11}},"166":{"start":{"line":540,"column":19},"end":{"line":565,"column":1}},"167":{"start":{"line":541,"column":4},"end":{"line":564,"column":5}},"168":{"start":{"line":542,"column":26},"end":{"line":542,"column":39}},"169":{"start":{"line":543,"column":23},"end":{"line":543,"column":38}},"170":{"start":{"line":545,"column":23},"end":{"line":554,"column":9}},"171":{"start":{"line":556,"column":8},"end":{"line":558,"column":9}},"172":{"start":{"line":557,"column":12},"end":{"line":557,"column":74}},"173":{"start":{"line":560,"column":8},"end":{"line":560,"column":45}},"174":{"start":{"line":562,"column":8},"end":{"line":562,"column":56}},"175":{"start":{"line":563,"column":8},"end":{"line":563,"column":58}},"176":{"start":{"line":566,"column":0},"end":{"line":573,"column":2}}},"fnMap":{"0":{"name":"(anonymous_0)","decl":{"start":{"line":5,"column":22},"end":{"line":5,"column":23}},"loc":{"start":{"line":5,"column":42},"end":{"line":182,"column":1}},"line":5},"1":{"name":"(anonymous_1)","decl":{"start":{"line":124,"column":27},"end":{"line":124,"column":28}},"loc":{"start":{"line":124,"column":39},"end":{"line":131,"column":17}},"line":124},"2":{"name":"(anonymous_2)","decl":{"start":{"line":135,"column":15},"end":{"line":135,"column":16}},"loc":{"start":{"line":135,"column":27},"end":{"line":143,"column":5}},"line":135},"3":{"name":"(anonymous_3)","decl":{"start":{"line":184,"column":24},"end":{"line":184,"column":25}},"loc":{"start":{"line":184,"column":44},"end":{"line":236,"column":1}},"line":184},"4":{"name":"(anonymous_4)","decl":{"start":{"line":238,"column":27},"end":{"line":238,"column":28}},"loc":{"start":{"line":238,"column":47},"end":{"line":256,"column":1}},"line":238},"5":{"name":"(anonymous_5)","decl":{"start":{"line":258,"column":22},"end":{"line":258,"column":23}},"loc":{"start":{"line":258,"column":42},"end":{"line":336,"column":1}},"line":258},"6":{"name":"(anonymous_6)","decl":{"start":{"line":337,"column":22},"end":{"line":337,"column":23}},"loc":{"start":{"line":337,"column":42},"end":{"line":538,"column":1}},"line":337},"7":{"name":"(anonymous_7)","decl":{"start":{"line":540,"column":19},"end":{"line":540,"column":20}},"loc":{"start":{"line":540,"column":39},"end":{"line":565,"column":1}},"line":540}},"branchMap":{"0":{"loc":{"start":{"line":19,"column":8},"end":{"line":23,"column":9}},"type":"if","locations":[{"start":{"line":19,"column":8},"end":{"line":23,"column":9}},{"start":{},"end":{}}],"line":19},"1":{"loc":{"start":{"line":19,"column":12},"end":{"line":19,"column":61}},"type":"binary-expr","locations":[{"start":{"line":19,"column":12},"end":{"line":19,"column":23}},{"start":{"line":19,"column":27},"end":{"line":19,"column":37}},{"start":{"line":19,"column":41},"end":{"line":19,"column":47}},{"start":{"line":19,"column":51},"end":{"line":19,"column":61}}],"line":19},"2":{"loc":{"start":{"line":27,"column":8},"end":{"line":65,"column":9}},"type":"if","locations":[{"start":{"line":27,"column":8},"end":{"line":65,"column":9}},{"start":{"line":52,"column":15},"end":{"line":65,"column":9}}],"line":27},"3":{"loc":{"start":{"line":28,"column":12},"end":{"line":32,"column":13}},"type":"if","locations":[{"start":{"line":28,"column":12},"end":{"line":32,"column":13}},{"start":{},"end":{}}],"line":28},"4":{"loc":{"start":{"line":28,"column":16},"end":{"line":28,"column":38}},"type":"binary-expr","locations":[{"start":{"line":28,"column":16},"end":{"line":28,"column":26}},{"start":{"line":28,"column":30},"end":{"line":28,"column":38}}],"line":28},"5":{"loc":{"start":{"line":36,"column":12},"end":{"line":40,"column":13}},"type":"if","locations":[{"start":{"line":36,"column":12},"end":{"line":40,"column":13}},{"start":{},"end":{}}],"line":36},"6":{"loc":{"start":{"line":54,"column":12},"end":{"line":58,"column":13}},"type":"if","locations":[{"start":{"line":54,"column":12},"end":{"line":58,"column":13}},{"start":{},"end":{}}],"line":54},"7":{"loc":{"start":{"line":68,"column":8},"end":{"line":72,"column":9}},"type":"if","locations":[{"start":{"line":68,"column":8},"end":{"line":72,"column":9}},{"start":{},"end":{}}],"line":68},"8":{"loc":{"start":{"line":68,"column":12},"end":{"line":68,"column":72}},"type":"binary-expr","locations":[{"start":{"line":68,"column":12},"end":{"line":68,"column":41}},{"start":{"line":68,"column":45},"end":{"line":68,"column":72}}],"line":68},"9":{"loc":{"start":{"line":75,"column":8},"end":{"line":79,"column":9}},"type":"if","locations":[{"start":{"line":75,"column":8},"end":{"line":79,"column":9}},{"start":{},"end":{}}],"line":75},"10":{"loc":{"start":{"line":90,"column":8},"end":{"line":94,"column":9}},"type":"if","locations":[{"start":{"line":90,"column":8},"end":{"line":94,"column":9}},{"start":{},"end":{}}],"line":90},"11":{"loc":{"start":{"line":123,"column":12},"end":{"line":132,"column":13}},"type":"if","locations":[{"start":{"line":123,"column":12},"end":{"line":132,"column":13}},{"start":{},"end":{}}],"line":123},"12":{"loc":{"start":{"line":134,"column":0},"end":{"line":144,"column":1}},"type":"if","locations":[{"start":{"line":134,"column":0},"end":{"line":144,"column":1}},{"start":{},"end":{}}],"line":134},"13":{"loc":{"start":{"line":272,"column":8},"end":{"line":276,"column":9}},"type":"if","locations":[{"start":{"line":272,"column":8},"end":{"line":276,"column":9}},{"start":{},"end":{}}],"line":272},"14":{"loc":{"start":{"line":281,"column":8},"end":{"line":285,"column":9}},"type":"if","locations":[{"start":{"line":281,"column":8},"end":{"line":285,"column":9}},{"start":{},"end":{}}],"line":281},"15":{"loc":{"start":{"line":344,"column":8},"end":{"line":348,"column":9}},"type":"if","locations":[{"start":{"line":344,"column":8},"end":{"line":348,"column":9}},{"start":{},"end":{}}],"line":344},"16":{"loc":{"start":{"line":344,"column":12},"end":{"line":344,"column":42}},"type":"binary-expr","locations":[{"start":{"line":344,"column":12},"end":{"line":344,"column":26}},{"start":{"line":344,"column":30},"end":{"line":344,"column":42}}],"line":344},"17":{"loc":{"start":{"line":376,"column":8},"end":{"line":380,"column":9}},"type":"if","locations":[{"start":{"line":376,"column":8},"end":{"line":380,"column":9}},{"start":{},"end":{}}],"line":376},"18":{"loc":{"start":{"line":376,"column":12},"end":{"line":376,"column":72}},"type":"binary-expr","locations":[{"start":{"line":376,"column":12},"end":{"line":376,"column":41}},{"start":{"line":376,"column":45},"end":{"line":376,"column":72}}],"line":376},"19":{"loc":{"start":{"line":383,"column":8},"end":{"line":387,"column":9}},"type":"if","locations":[{"start":{"line":383,"column":8},"end":{"line":387,"column":9}},{"start":{},"end":{}}],"line":383},"20":{"loc":{"start":{"line":409,"column":12},"end":{"line":414,"column":13}},"type":"if","locations":[{"start":{"line":409,"column":12},"end":{"line":414,"column":13}},{"start":{},"end":{}}],"line":409},"21":{"loc":{"start":{"line":422,"column":12},"end":{"line":427,"column":13}},"type":"if","locations":[{"start":{"line":422,"column":12},"end":{"line":427,"column":13}},{"start":{},"end":{}}],"line":422},"22":{"loc":{"start":{"line":422,"column":16},"end":{"line":422,"column":84}},"type":"binary-expr","locations":[{"start":{"line":422,"column":16},"end":{"line":422,"column":50}},{"start":{"line":422,"column":54},"end":{"line":422,"column":84}}],"line":422},"23":{"loc":{"start":{"line":430,"column":12},"end":{"line":450,"column":13}},"type":"if","locations":[{"start":{"line":430,"column":12},"end":{"line":450,"column":13}},{"start":{},"end":{}}],"line":430},"24":{"loc":{"start":{"line":444,"column":16},"end":{"line":449,"column":17}},"type":"if","locations":[{"start":{"line":444,"column":16},"end":{"line":449,"column":17}},{"start":{},"end":{}}],"line":444},"25":{"loc":{"start":{"line":444,"column":20},"end":{"line":444,"column":98}},"type":"binary-expr","locations":[{"start":{"line":444,"column":20},"end":{"line":444,"column":59}},{"start":{"line":444,"column":63},"end":{"line":444,"column":98}}],"line":444},"26":{"loc":{"start":{"line":463,"column":12},"end":{"line":468,"column":13}},"type":"if","locations":[{"start":{"line":463,"column":12},"end":{"line":468,"column":13}},{"start":{},"end":{}}],"line":463},"27":{"loc":{"start":{"line":472,"column":12},"end":{"line":478,"column":13}},"type":"if","locations":[{"start":{"line":472,"column":12},"end":{"line":478,"column":13}},{"start":{"line":475,"column":19},"end":{"line":478,"column":13}}],"line":472},"28":{"loc":{"start":{"line":556,"column":8},"end":{"line":558,"column":9}},"type":"if","locations":[{"start":{"line":556,"column":8},"end":{"line":558,"column":9}},{"start":{},"end":{}}],"line":556}},"s":{"0":1,"1":1,"2":1,"3":0,"4":0,"5":0,"6":0,"7":0,"8":0,"9":0,"10":0,"11":0,"12":0,"13":0,"14":0,"15":0,"16":0,"17":0,"18":0,"19":0,"20":0,"21":0,"22":0,"23":0,"24":0,"25":0,"26":0,"27":0,"28":0,"29":0,"30":0,"31":0,"32":0,"33":0,"34":0,"35":0,"36":0,"37":0,"38":0,"39":0,"40":0,"41":0,"42":0,"43":0,"44":0,"45":0,"46":0,"47":0,"48":0,"49":0,"50":0,"51":0,"52":0,"53":0,"54":0,"55":0,"56":0,"57":0,"58":1,"59":0,"60":0,"61":0,"62":0,"63":0,"64":0,"65":0,"66":0,"67":0,"68":0,"69":0,"70":0,"71":1,"72":0,"73":0,"74":0,"75":0,"76":0,"77":0,"78":1,"79":0,"80":0,"81":0,"82":0,"83":0,"84":0,"85":0,"86":0,"87":0,"88":0,"89":0,"90":0,"91":0,"92":0,"93":0,"94":0,"95":0,"96":0,"97":0,"98":0,"99":0,"100":0,"101":0,"102":1,"103":0,"104":0,"105":0,"106":0,"107":0,"108":0,"109":0,"110":0,"111":0,"112":0,"113":0,"114":0,"115":0,"116":0,"117":0,"118":0,"119":0,"120":0,"121":0,"122":0,"123":0,"124":0,"125":0,"126":0,"127":0,"128":0,"129":0,"130":0,"131":0,"132":0,"133":0,"134":0,"135":0,"136":0,"137":0,"138":0,"139":0,"140":0,"141":0,"142":0,"143":0,"144":0,"145":0,"146":0,"147":0,"148":0,"149":0,"150":0,"151":0,"152":0,"153":0,"154":0,"155":0,"156":0,"157":0,"158":0,"159":0,"160":0,"161":0,"162":0,"163":0,"164":0,"165":0,"166":1,"167":0,"168":0,"169":0,"170":0,"171":0,"172":0,"173":0,"174":0,"175":0,"176":1},"f":{"0":0,"1":0,"2":0,"3":0,"4":0,"5":0,"6":0,"7":0},"b":{"0":[0,0],"1":[0,0,0,0],"2":[0,0],"3":[0,0],"4":[0,0],"5":[0,0],"6":[0,0],"7":[0,0],"8":[0,0],"9":[0,0],"10":[0,0],"11":[0,0],"12":[0,0],"13":[0,0],"14":[0,0],"15":[0,0],"16":[0,0],"17":[0,0],"18":[0,0],"19":[0,0],"20":[0,0],"21":[0,0],"22":[0,0],"23":[0,0],"24":[0,0],"25":[0,0],"26":[0,0],"27":[0,0],"28":[0,0]},"_coverageSchema":"1a1c01bbd47fc00a2c39e90264f33305004495a9","hash":"25ea101bedc07d474fdd5275273867f3ad03836f"}
,"C:\\Users\\omara\\FYP-rent-a-space\\backend\\controllers\\listingsController.js": {"path":"C:\\Users\\omara\\FYP-rent-a-space\\backend\\controllers\\listingsController.js","statementMap":{"0":{"start":{"line":1,"column":13},"end":{"line":1,"column":36}},"1":{"start":{"line":3,"column":22},"end":{"line":76,"column":1}},"2":{"start":{"line":4,"column":4},"end":{"line":75,"column":5}},"3":{"start":{"line":9,"column":12},"end":{"line":9,"column":20}},"4":{"start":{"line":11,"column":31},"end":{"line":17,"column":9}},"5":{"start":{"line":12,"column":12},"end":{"line":16,"column":13}},"6":{"start":{"line":13,"column":16},"end":{"line":13,"column":80}},"7":{"start":{"line":15,"column":16},"end":{"line":15,"column":26}},"8":{"start":{"line":19,"column":26},"end":{"line":19,"column":60}},"9":{"start":{"line":20,"column":32},"end":{"line":20,"column":72}},"10":{"start":{"line":22,"column":8},"end":{"line":24,"column":9}},"11":{"start":{"line":23,"column":12},"end":{"line":23,"column":81}},"12":{"start":{"line":25,"column":8},"end":{"line":25,"column":54}},"13":{"start":{"line":26,"column":8},"end":{"line":26,"column":66}},"14":{"start":{"line":28,"column":8},"end":{"line":30,"column":9}},"15":{"start":{"line":29,"column":12},"end":{"line":29,"column":80}},"16":{"start":{"line":32,"column":8},"end":{"line":36,"column":9}},"17":{"start":{"line":33,"column":12},"end":{"line":33,"column":58}},"18":{"start":{"line":34,"column":12},"end":{"line":34,"column":70}},"19":{"start":{"line":35,"column":12},"end":{"line":35,"column":81}},"20":{"start":{"line":38,"column":8},"end":{"line":40,"column":9}},"21":{"start":{"line":39,"column":12},"end":{"line":39,"column":75}},"22":{"start":{"line":42,"column":28},"end":{"line":42,"column":45}},"23":{"start":{"line":43,"column":31},"end":{"line":43,"column":49}},"24":{"start":{"line":45,"column":8},"end":{"line":47,"column":9}},"25":{"start":{"line":46,"column":12},"end":{"line":46,"column":92}},"26":{"start":{"line":49,"column":23},"end":{"line":49,"column":38}},"27":{"start":{"line":50,"column":26},"end":{"line":50,"column":93}},"28":{"start":{"line":50,"column":60},"end":{"line":50,"column":87}},"29":{"start":{"line":53,"column":27},"end":{"line":53,"column":73}},"30":{"start":{"line":55,"column":23},"end":{"line":69,"column":9}},"31":{"start":{"line":71,"column":8},"end":{"line":71,"column":58}},"32":{"start":{"line":73,"column":8},"end":{"line":73,"column":54}},"33":{"start":{"line":74,"column":8},"end":{"line":74,"column":78}},"34":{"start":{"line":77,"column":23},"end":{"line":144,"column":1}},"35":{"start":{"line":78,"column":4},"end":{"line":143,"column":5}},"36":{"start":{"line":80,"column":21},"end":{"line":80,"column":50}},"37":{"start":{"line":81,"column":22},"end":{"line":81,"column":52}},"38":{"start":{"line":82,"column":21},"end":{"line":82,"column":39}},"39":{"start":{"line":85,"column":33},"end":{"line":85,"column":35}},"40":{"start":{"line":86,"column":29},"end":{"line":86,"column":31}},"41":{"start":{"line":87,"column":25},"end":{"line":87,"column":26}},"42":{"start":{"line":90,"column":8},"end":{"line":94,"column":9}},"43":{"start":{"line":91,"column":12},"end":{"line":91,"column":59}},"44":{"start":{"line":92,"column":12},"end":{"line":92,"column":51}},"45":{"start":{"line":93,"column":12},"end":{"line":93,"column":25}},"46":{"start":{"line":97,"column":8},"end":{"line":101,"column":9}},"47":{"start":{"line":98,"column":12},"end":{"line":98,"column":61}},"48":{"start":{"line":99,"column":12},"end":{"line":99,"column":62}},"49":{"start":{"line":100,"column":12},"end":{"line":100,"column":25}},"50":{"start":{"line":104,"column":28},"end":{"line":106,"column":16}},"51":{"start":{"line":109,"column":27},"end":{"line":113,"column":9}},"52":{"start":{"line":115,"column":28},"end":{"line":115,"column":70}},"53":{"start":{"line":116,"column":22},"end":{"line":116,"column":57}},"54":{"start":{"line":119,"column":30},"end":{"line":125,"column":9}},"55":{"start":{"line":127,"column":23},"end":{"line":130,"column":9}},"56":{"start":{"line":133,"column":8},"end":{"line":139,"column":11}},"57":{"start":{"line":141,"column":8},"end":{"line":141,"column":57}},"58":{"start":{"line":142,"column":8},"end":{"line":142,"column":58}},"59":{"start":{"line":145,"column":24},"end":{"line":157,"column":1}},"60":{"start":{"line":146,"column":4},"end":{"line":156,"column":5}},"61":{"start":{"line":147,"column":23},"end":{"line":147,"column":38}},"62":{"start":{"line":148,"column":23},"end":{"line":151,"column":9}},"63":{"start":{"line":152,"column":8},"end":{"line":152,"column":42}},"64":{"start":{"line":154,"column":8},"end":{"line":154,"column":62}},"65":{"start":{"line":155,"column":8},"end":{"line":155,"column":58}},"66":{"start":{"line":158,"column":22},"end":{"line":179,"column":1}},"67":{"start":{"line":159,"column":4},"end":{"line":178,"column":5}},"68":{"start":{"line":160,"column":26},"end":{"line":160,"column":39}},"69":{"start":{"line":161,"column":23},"end":{"line":161,"column":38}},"70":{"start":{"line":164,"column":24},"end":{"line":167,"column":9}},"71":{"start":{"line":169,"column":8},"end":{"line":171,"column":9}},"72":{"start":{"line":170,"column":12},"end":{"line":170,"column":90}},"73":{"start":{"line":173,"column":8},"end":{"line":173,"column":76}},"74":{"start":{"line":174,"column":8},"end":{"line":174,"column":74}},"75":{"start":{"line":176,"column":8},"end":{"line":176,"column":56}},"76":{"start":{"line":177,"column":8},"end":{"line":177,"column":58}},"77":{"start":{"line":181,"column":22},"end":{"line":259,"column":3}},"78":{"start":{"line":182,"column":4},"end":{"line":258,"column":5}},"79":{"start":{"line":183,"column":24},"end":{"line":183,"column":37}},"80":{"start":{"line":184,"column":21},"end":{"line":184,"column":36}},"81":{"start":{"line":189,"column":10},"end":{"line":189,"column":18}},"82":{"start":{"line":192,"column":30},"end":{"line":195,"column":7}},"83":{"start":{"line":197,"column":6},"end":{"line":199,"column":7}},"84":{"start":{"line":198,"column":8},"end":{"line":198,"column":86}},"85":{"start":{"line":201,"column":29},"end":{"line":207,"column":7}},"86":{"start":{"line":202,"column":8},"end":{"line":206,"column":9}},"87":{"start":{"line":203,"column":10},"end":{"line":203,"column":74}},"88":{"start":{"line":205,"column":10},"end":{"line":205,"column":20}},"89":{"start":{"line":209,"column":24},"end":{"line":209,"column":58}},"90":{"start":{"line":210,"column":30},"end":{"line":210,"column":70}},"91":{"start":{"line":211,"column":29},"end":{"line":211,"column":68}},"92":{"start":{"line":212,"column":29},"end":{"line":212,"column":68}},"93":{"start":{"line":215,"column":6},"end":{"line":217,"column":7}},"94":{"start":{"line":216,"column":8},"end":{"line":216,"column":76}},"95":{"start":{"line":219,"column":26},"end":{"line":219,"column":43}},"96":{"start":{"line":220,"column":29},"end":{"line":220,"column":47}},"97":{"start":{"line":222,"column":6},"end":{"line":224,"column":7}},"98":{"start":{"line":223,"column":8},"end":{"line":223,"column":88}},"99":{"start":{"line":227,"column":22},"end":{"line":227,"column":36}},"100":{"start":{"line":228,"column":6},"end":{"line":230,"column":7}},"101":{"start":{"line":229,"column":8},"end":{"line":229,"column":75}},"102":{"start":{"line":229,"column":44},"end":{"line":229,"column":73}},"103":{"start":{"line":231,"column":6},"end":{"line":234,"column":7}},"104":{"start":{"line":232,"column":31},"end":{"line":232,"column":81}},"105":{"start":{"line":232,"column":53},"end":{"line":232,"column":80}},"106":{"start":{"line":233,"column":8},"end":{"line":233,"column":54}},"107":{"start":{"line":236,"column":21},"end":{"line":252,"column":7}},"108":{"start":{"line":254,"column":6},"end":{"line":254,"column":56}},"109":{"start":{"line":256,"column":6},"end":{"line":256,"column":54}},"110":{"start":{"line":257,"column":6},"end":{"line":257,"column":78}},"111":{"start":{"line":261,"column":21},"end":{"line":283,"column":1}},"112":{"start":{"line":262,"column":4},"end":{"line":282,"column":5}},"113":{"start":{"line":263,"column":26},"end":{"line":263,"column":39}},"114":{"start":{"line":264,"column":23},"end":{"line":264,"column":38}},"115":{"start":{"line":266,"column":23},"end":{"line":272,"column":9}},"116":{"start":{"line":274,"column":8},"end":{"line":276,"column":9}},"117":{"start":{"line":275,"column":12},"end":{"line":275,"column":74}},"118":{"start":{"line":278,"column":8},"end":{"line":278,"column":45}},"119":{"start":{"line":280,"column":8},"end":{"line":280,"column":56}},"120":{"start":{"line":281,"column":8},"end":{"line":281,"column":58}},"121":{"start":{"line":287,"column":0},"end":{"line":287,"column":110}}},"fnMap":{"0":{"name":"(anonymous_0)","decl":{"start":{"line":3,"column":22},"end":{"line":3,"column":23}},"loc":{"start":{"line":3,"column":42},"end":{"line":76,"column":1}},"line":3},"1":{"name":"(anonymous_1)","decl":{"start":{"line":11,"column":31},"end":{"line":11,"column":32}},"loc":{"start":{"line":11,"column":42},"end":{"line":17,"column":9}},"line":11},"2":{"name":"(anonymous_2)","decl":{"start":{"line":50,"column":52},"end":{"line":50,"column":53}},"loc":{"start":{"line":50,"column":60},"end":{"line":50,"column":87}},"line":50},"3":{"name":"(anonymous_3)","decl":{"start":{"line":77,"column":23},"end":{"line":77,"column":24}},"loc":{"start":{"line":77,"column":43},"end":{"line":144,"column":1}},"line":77},"4":{"name":"(anonymous_4)","decl":{"start":{"line":145,"column":24},"end":{"line":145,"column":25}},"loc":{"start":{"line":145,"column":44},"end":{"line":157,"column":1}},"line":145},"5":{"name":"(anonymous_5)","decl":{"start":{"line":158,"column":22},"end":{"line":158,"column":23}},"loc":{"start":{"line":158,"column":42},"end":{"line":179,"column":1}},"line":158},"6":{"name":"(anonymous_6)","decl":{"start":{"line":181,"column":22},"end":{"line":181,"column":23}},"loc":{"start":{"line":181,"column":42},"end":{"line":259,"column":3}},"line":181},"7":{"name":"(anonymous_7)","decl":{"start":{"line":201,"column":29},"end":{"line":201,"column":30}},"loc":{"start":{"line":201,"column":40},"end":{"line":207,"column":7}},"line":201},"8":{"name":"(anonymous_8)","decl":{"start":{"line":229,"column":37},"end":{"line":229,"column":38}},"loc":{"start":{"line":229,"column":44},"end":{"line":229,"column":73}},"line":229},"9":{"name":"(anonymous_9)","decl":{"start":{"line":232,"column":45},"end":{"line":232,"column":46}},"loc":{"start":{"line":232,"column":53},"end":{"line":232,"column":80}},"line":232},"10":{"name":"(anonymous_10)","decl":{"start":{"line":261,"column":21},"end":{"line":261,"column":22}},"loc":{"start":{"line":261,"column":41},"end":{"line":283,"column":1}},"line":261}},"branchMap":{"0":{"loc":{"start":{"line":13,"column":23},"end":{"line":13,"column":79}},"type":"cond-expr","locations":[{"start":{"line":13,"column":46},"end":{"line":13,"column":51}},{"start":{"line":13,"column":54},"end":{"line":13,"column":79}}],"line":13},"1":{"loc":{"start":{"line":13,"column":65},"end":{"line":13,"column":78}},"type":"binary-expr","locations":[{"start":{"line":13,"column":65},"end":{"line":13,"column":70}},{"start":{"line":13,"column":74},"end":{"line":13,"column":78}}],"line":13},"2":{"loc":{"start":{"line":22,"column":8},"end":{"line":24,"column":9}},"type":"if","locations":[{"start":{"line":22,"column":8},"end":{"line":24,"column":9}},{"start":{},"end":{}}],"line":22},"3":{"loc":{"start":{"line":22,"column":12},"end":{"line":22,"column":72}},"type":"binary-expr","locations":[{"start":{"line":22,"column":12},"end":{"line":22,"column":37}},{"start":{"line":22,"column":41},"end":{"line":22,"column":72}}],"line":22},"4":{"loc":{"start":{"line":28,"column":8},"end":{"line":30,"column":9}},"type":"if","locations":[{"start":{"line":28,"column":8},"end":{"line":30,"column":9}},{"start":{},"end":{}}],"line":28},"5":{"loc":{"start":{"line":28,"column":12},"end":{"line":28,"column":93}},"type":"binary-expr","locations":[{"start":{"line":28,"column":12},"end":{"line":28,"column":18}},{"start":{"line":28,"column":22},"end":{"line":28,"column":34}},{"start":{"line":28,"column":38},"end":{"line":28,"column":43}},{"start":{"line":28,"column":47},"end":{"line":28,"column":53}},{"start":{"line":28,"column":57},"end":{"line":28,"column":66}},{"start":{"line":28,"column":70},"end":{"line":28,"column":79}},{"start":{"line":28,"column":83},"end":{"line":28,"column":93}}],"line":28},"6":{"loc":{"start":{"line":32,"column":8},"end":{"line":36,"column":9}},"type":"if","locations":[{"start":{"line":32,"column":8},"end":{"line":36,"column":9}},{"start":{},"end":{}}],"line":32},"7":{"loc":{"start":{"line":32,"column":12},"end":{"line":32,"column":72}},"type":"binary-expr","locations":[{"start":{"line":32,"column":12},"end":{"line":32,"column":37}},{"start":{"line":32,"column":41},"end":{"line":32,"column":72}}],"line":32},"8":{"loc":{"start":{"line":38,"column":8},"end":{"line":40,"column":9}},"type":"if","locations":[{"start":{"line":38,"column":8},"end":{"line":40,"column":9}},{"start":{},"end":{}}],"line":38},"9":{"loc":{"start":{"line":45,"column":8},"end":{"line":47,"column":9}},"type":"if","locations":[{"start":{"line":45,"column":8},"end":{"line":47,"column":9}},{"start":{},"end":{}}],"line":45},"10":{"loc":{"start":{"line":45,"column":12},"end":{"line":45,"column":51}},"type":"binary-expr","locations":[{"start":{"line":45,"column":12},"end":{"line":45,"column":28}},{"start":{"line":45,"column":32},"end":{"line":45,"column":51}}],"line":45},"11":{"loc":{"start":{"line":50,"column":26},"end":{"line":50,"column":93}},"type":"cond-expr","locations":[{"start":{"line":50,"column":38},"end":{"line":50,"column":88}},{"start":{"line":50,"column":91},"end":{"line":50,"column":93}}],"line":50},"12":{"loc":{"start":{"line":53,"column":27},"end":{"line":53,"column":73}},"type":"binary-expr","locations":[{"start":{"line":53,"column":27},"end":{"line":53,"column":49}},{"start":{"line":53,"column":53},"end":{"line":53,"column":73}}],"line":53},"13":{"loc":{"start":{"line":64,"column":50},"end":{"line":64,"column":68}},"type":"binary-expr","locations":[{"start":{"line":64,"column":50},"end":{"line":64,"column":60}},{"start":{"line":64,"column":64},"end":{"line":64,"column":68}}],"line":64},"14":{"loc":{"start":{"line":80,"column":21},"end":{"line":80,"column":50}},"type":"binary-expr","locations":[{"start":{"line":80,"column":21},"end":{"line":80,"column":45}},{"start":{"line":80,"column":49},"end":{"line":80,"column":50}}],"line":80},"15":{"loc":{"start":{"line":81,"column":22},"end":{"line":81,"column":52}},"type":"binary-expr","locations":[{"start":{"line":81,"column":22},"end":{"line":81,"column":47}},{"start":{"line":81,"column":51},"end":{"line":81,"column":52}}],"line":81},"16":{"loc":{"start":{"line":90,"column":8},"end":{"line":94,"column":9}},"type":"if","locations":[{"start":{"line":90,"column":8},"end":{"line":94,"column":9}},{"start":{},"end":{}}],"line":90},"17":{"loc":{"start":{"line":97,"column":8},"end":{"line":101,"column":9}},"type":"if","locations":[{"start":{"line":97,"column":8},"end":{"line":101,"column":9}},{"start":{},"end":{}}],"line":97},"18":{"loc":{"start":{"line":104,"column":28},"end":{"line":106,"column":16}},"type":"cond-expr","locations":[{"start":{"line":105,"column":14},"end":{"line":105,"column":55}},{"start":{"line":106,"column":14},"end":{"line":106,"column":16}}],"line":104},"19":{"loc":{"start":{"line":169,"column":8},"end":{"line":171,"column":9}},"type":"if","locations":[{"start":{"line":169,"column":8},"end":{"line":171,"column":9}},{"start":{},"end":{}}],"line":169},"20":{"loc":{"start":{"line":197,"column":6},"end":{"line":199,"column":7}},"type":"if","locations":[{"start":{"line":197,"column":6},"end":{"line":199,"column":7}},{"start":{},"end":{}}],"line":197},"21":{"loc":{"start":{"line":203,"column":17},"end":{"line":203,"column":73}},"type":"cond-expr","locations":[{"start":{"line":203,"column":40},"end":{"line":203,"column":45}},{"start":{"line":203,"column":48},"end":{"line":203,"column":73}}],"line":203},"22":{"loc":{"start":{"line":203,"column":59},"end":{"line":203,"column":72}},"type":"binary-expr","locations":[{"start":{"line":203,"column":59},"end":{"line":203,"column":64}},{"start":{"line":203,"column":68},"end":{"line":203,"column":72}}],"line":203},"23":{"loc":{"start":{"line":215,"column":6},"end":{"line":217,"column":7}},"type":"if","locations":[{"start":{"line":215,"column":6},"end":{"line":217,"column":7}},{"start":{},"end":{}}],"line":215},"24":{"loc":{"start":{"line":215,"column":10},"end":{"line":215,"column":91}},"type":"binary-expr","locations":[{"start":{"line":215,"column":10},"end":{"line":215,"column":16}},{"start":{"line":215,"column":20},"end":{"line":215,"column":32}},{"start":{"line":215,"column":36},"end":{"line":215,"column":41}},{"start":{"line":215,"column":45},"end":{"line":215,"column":51}},{"start":{"line":215,"column":55},"end":{"line":215,"column":64}},{"start":{"line":215,"column":68},"end":{"line":215,"column":77}},{"start":{"line":215,"column":81},"end":{"line":215,"column":91}}],"line":215},"25":{"loc":{"start":{"line":222,"column":6},"end":{"line":224,"column":7}},"type":"if","locations":[{"start":{"line":222,"column":6},"end":{"line":224,"column":7}},{"start":{},"end":{}}],"line":222},"26":{"loc":{"start":{"line":222,"column":10},"end":{"line":222,"column":49}},"type":"binary-expr","locations":[{"start":{"line":222,"column":10},"end":{"line":222,"column":26}},{"start":{"line":222,"column":30},"end":{"line":222,"column":49}}],"line":222},"27":{"loc":{"start":{"line":228,"column":6},"end":{"line":230,"column":7}},"type":"if","locations":[{"start":{"line":228,"column":6},"end":{"line":230,"column":7}},{"start":{},"end":{}}],"line":228},"28":{"loc":{"start":{"line":231,"column":6},"end":{"line":234,"column":7}},"type":"if","locations":[{"start":{"line":231,"column":6},"end":{"line":234,"column":7}},{"start":{},"end":{}}],"line":231},"29":{"loc":{"start":{"line":246,"column":36},"end":{"line":246,"column":54}},"type":"binary-expr","locations":[{"start":{"line":246,"column":36},"end":{"line":246,"column":46}},{"start":{"line":246,"column":50},"end":{"line":246,"column":54}}],"line":246},"30":{"loc":{"start":{"line":274,"column":8},"end":{"line":276,"column":9}},"type":"if","locations":[{"start":{"line":274,"column":8},"end":{"line":276,"column":9}},{"start":{},"end":{}}],"line":274}},"s":{"0":1,"1":1,"2":0,"3":0,"4":0,"5":0,"6":0,"7":0,"8":0,"9":0,"10":0,"11":0,"12":0,"13":0,"14":0,"15":0,"16":0,"17":0,"18":0,"19":0,"20":0,"21":0,"22":0,"23":0,"24":0,"25":0,"26":0,"27":0,"28":0,"29":0,"30":0,"31":0,"32":0,"33":0,"34":1,"35":0,"36":0,"37":0,"38":0,"39":0,"40":0,"41":0,"42":0,"43":0,"44":0,"45":0,"46":0,"47":0,"48":0,"49":0,"50":0,"51":0,"52":0,"53":0,"54":0,"55":0,"56":0,"57":0,"58":0,"59":1,"60":0,"61":0,"62":0,"63":0,"64":0,"65":0,"66":1,"67":0,"68":0,"69":0,"70":0,"71":0,"72":0,"73":0,"74":0,"75":0,"76":0,"77":1,"78":0,"79":0,"80":0,"81":0,"82":0,"83":0,"84":0,"85":0,"86":0,"87":0,"88":0,"89":0,"90":0,"91":0,"92":0,"93":0,"94":0,"95":0,"96":0,"97":0,"98":0,"99":0,"100":0,"101":0,"102":0,"103":0,"104":0,"105":0,"106":0,"107":0,"108":0,"109":0,"110":0,"111":1,"112":0,"113":0,"114":0,"115":0,"116":0,"117":0,"118":0,"119":0,"120":0,"121":1},"f":{"0":0,"1":0,"2":0,"3":0,"4":0,"5":0,"6":0,"7":0,"8":0,"9":0,"10":0},"b":{"0":[0,0],"1":[0,0],"2":[0,0],"3":[0,0],"4":[0,0],"5":[0,0,0,0,0,0,0],"6":[0,0],"7":[0,0],"8":[0,0],"9":[0,0],"10":[0,0],"11":[0,0],"12":[0,0],"13":[0,0],"14":[0,0],"15":[0,0],"16":[0,0],"17":[0,0],"18":[0,0],"19":[0,0],"20":[0,0],"21":[0,0],"22":[0,0],"23":[0,0],"24":[0,0,0,0,0,0,0],"25":[0,0],"26":[0,0],"27":[0,0],"28":[0,0],"29":[0,0],"30":[0,0]},"_coverageSchema":"1a1c01bbd47fc00a2c39e90264f33305004495a9","hash":"60fc2781bbfc37928f6965886fdd718baa17e027"}
,"C:\\Users\\omara\\FYP-rent-a-space\\backend\\controllers\\messagesController.js": {"path":"C:\\Users\\omara\\FYP-rent-a-space\\backend\\controllers\\messagesController.js","statementMap":{"0":{"start":{"line":1,"column":13},"end":{"line":1,"column":36}},"1":{"start":{"line":2,"column":31},"end":{"line":2,"column":67}},"2":{"start":{"line":4,"column":20},"end":{"line":124,"column":1}},"3":{"start":{"line":5,"column":19},"end":{"line":5,"column":39}},"4":{"start":{"line":6,"column":4},"end":{"line":123,"column":5}},"5":{"start":{"line":7,"column":25},"end":{"line":7,"column":40}},"6":{"start":{"line":8,"column":62},"end":{"line":8,"column":70}},"7":{"start":{"line":10,"column":8},"end":{"line":14,"column":9}},"8":{"start":{"line":11,"column":12},"end":{"line":13,"column":15}},"9":{"start":{"line":17,"column":26},"end":{"line":20,"column":9}},"10":{"start":{"line":21,"column":8},"end":{"line":25,"column":9}},"11":{"start":{"line":22,"column":12},"end":{"line":24,"column":15}},"12":{"start":{"line":28,"column":8},"end":{"line":32,"column":9}},"13":{"start":{"line":29,"column":12},"end":{"line":31,"column":15}},"14":{"start":{"line":35,"column":33},"end":{"line":39,"column":36}},"15":{"start":{"line":42,"column":8},"end":{"line":42,"column":36}},"16":{"start":{"line":45,"column":8},"end":{"line":53,"column":9}},"17":{"start":{"line":46,"column":33},"end":{"line":49,"column":13}},"18":{"start":{"line":50,"column":12},"end":{"line":52,"column":13}},"19":{"start":{"line":51,"column":16},"end":{"line":51,"column":78}},"20":{"start":{"line":55,"column":8},"end":{"line":68,"column":9}},"21":{"start":{"line":56,"column":33},"end":{"line":62,"column":13}},"22":{"start":{"line":63,"column":12},"end":{"line":67,"column":13}},"23":{"start":{"line":64,"column":16},"end":{"line":66,"column":19}},"24":{"start":{"line":71,"column":29},"end":{"line":74,"column":9}},"25":{"start":{"line":77,"column":23},"end":{"line":83,"column":9}},"26":{"start":{"line":86,"column":34},"end":{"line":86,"column":81}},"27":{"start":{"line":87,"column":8},"end":{"line":95,"column":9}},"28":{"start":{"line":88,"column":3
[...]
,"C:\\Users\\omara\\FYP-rent-a-space\\backend\\middleware\\uploadMiddleware.js": {"path":"C:\\Users\\omara\\FYP-rent-a-space\\backend\\middleware\\uploadMiddleware.js","statementMap":{"0":{"start":{"line":1,"column":15},"end":{"line":1,"column":32}},"1":{"start":{"line":2,"column":13},"end":{"line":2,"column":28}},"2":{"start":{"line":5,"column":16},"end":{"line":12,"column":2}},"3":{"start":{"line":7,"column":8},"end":{"line":7,"column":29}},"4":{"start":{"line":10,"column":8},"end":{"line":10,"column":55}},"5":{"start":{"line":15,"column":19},"end":{"line":25,"column":1}},"6":{"start":{"line":16,"column":22},"end":{"line":16,"column":36}},"7":{"start":{"line":17,"column":20},"end":{"line":17,"column":81}},"8":{"start":{"line":18,"column":21},"end":{"line":18,"column":50}},"9":{"start":{"line":20,"column":4},"end":{"line":24,"column":5}},"10":{"start":{"line":21,"column":8},"end":{"line":21,"column":23}},"11":{"start":{"line":23,"column":8},"end":{"line":23,"column":67}},"12":{"start":{"line":28,"column":15},"end":{"line":32,"column":2}},"13":{"start":{"line":34,"column":0},"end":{"line":34,"column":24}}},"fnMap":{"0":{"name":"(anonymous_0)","decl":{"start":{"line":6,"column":17},"end":{"line":6,"column":18}},"loc":{"start":{"line":6,"column":36},"end":{"line":8,"column":5}},"line":6},"1":{"name":"(anonymous_1)","decl":{"start":{"line":9,"column":14},"end":{"line":9,"column":15}},"loc":{"start":{"line":9,"column":33},"end":{"line":11,"column":5}},"line":9},"2":{"name":"(anonymous_2)","decl":{"start":{"line":15,"column":19},"end":{"line":15,"column":20}},"loc":{"start":{"line":15,"column":38},"end":{"line":25,"column":1}},"line":15}},"branchMap":{"0":{"loc":{"start":{"line":20,"column":4},"end":{"line":24,"column":5}},"type":"if","locations":[{"start":{"line":20,"column":4},"end":{"line":24,"column":5}},{"start":{"line":22,"column":11},"end":{"line":24,"column":5}}],"line":20},"1":{"loc":{"start":{"line":20,"column":8},"end":{"line":20,"column":27}},"type":"binary-expr","locations":[{"start":{"line":20,"column":8},"end":{"line":20,"column":15}},{"start":{"line":20,"column":19},"end":{"line":20,"column":27}}],"line":20}},"s":{"0":1,"1":1,"2":1,"3":0,"4":0,"5":1,"6":0,"7":0,"8":0,"9":0,"10":0,"11":0,"12":1,"13":1},"f":{"0":0,"1":0,"2":0},"b":{"0":[0,0],"1":[0,0]},"_coverageSchema":"1a1c01bbd47fc00a2c39e90264f33305004495a9","hash":"aafb4d5c6ade868dd6caec190c986f66068647ac"}
,"C:\\Users\\omara\\FYP-rent-a-space\\backend\\routes\\authRoutes.js": {"path":"C:\\Users\\omara\\FYP-rent-a-space\\backend\\routes\\authRoutes.js","statementMap":{"0":{"start":{"line":1,"column":16},"end":{"line":1,"column":34}},"1":{"start":{"line":2,"column":15},"end":{"line":2,"column":31}},"2":{"start":{"line":3,"column":26},"end":{"line":3,"column":68}},"3":{"start":{"line":10,"column":4},"end":{"line":10,"column":44}},"4":{"start":{"line":13,"column":0},"end":{"line":13,"column":31}},"5":{"start":{"line":14,"column":0},"end":{"line":14,"column":29}},"6":{"start":{"line":15,"column":0},"end":{"line":15,"column":33}},"7":{"start":{"line":16,"column":0},"end":{"line":16,"column":31}},"8":{"start":{"line":17,"column":0},"end":{"line":17,"column":63}},"9":{"start":{"line":19,"column":0},"end":{"line":19,"column":24}}},"fnMap":{},"branchMap":{},"s":{"0":1,"1":1,"2":1,"3":1,"4":1,"5":1,"6":1,"7":1,"8":1,"9":1},"f":{},"b":{},"_coverageSchema":"1a1c01bbd47fc00a2c39e90264f33305004495a9","hash":"8650843196a5804240a968670014eab24557d1d5"}
,"C:\\Users\\omara\\FYP-rent-a-space\\backend\\routes\\bookingsRoutes.js": {"path":"C:\\Users\\omara\\FYP-rent-a-space\\backend\\routes\\bookingsRoutes.js","statementMap":{"0":{"start":{"line":1,"column":16},"end":{"line":1,"column":34}},"1":{"start":{"line":9,"column":4},"end":{"line":9,"column":48}},"2":{"start":{"line":10,"column":26},"end":{"line":10,"column":68}},"3":{"start":{"line":12,"column":15},"end":{"line":12,"column":31}},"4":{"start":{"line":15,"column":0},"end":{"line":15,"column":51}},"5":{"start":{"line":18,"column":0},"end":{"line":18,"column":56}},"6":{"start":{"line":21,"column":0},"end":{"line":21,"column":50}},"7":{"start":{"line":24,"column":0},"end":{"line":24,"column":74}},"8":{"start":{"line":27,"column":0},"end":{"line":27,"column":56}},"9":{"start":{"line":30,"column":0},"end":{"line":30,"column":53}},"10":{"start":{"line":32,"column":0},"end":{"line":32,"column":24}}},"fnMap":{},"branchMap":{},"s":{"0":1,"1":1,"2":1,"3":1,"4":1,"5":1,"6":1,"7":1,"8":1,"9":1,"10":1},"f":{},"b":{},"_coverageSchema":"1a1c01bbd47fc00a2c39e90264f33305004495a9","hash":"be0280de6647537a753c8a7105a35813a439bb9c"}
,"C:\\Users\\omara\\FYP-rent-a-space\\backend\\routes\\listingsRoutes.js": {"path":"C:\\Users\\omara\\FYP-rent-a-space\\backend\\routes\\listingsRoutes.js","statementMap":{"0":{"start":{"line":1,"column":16},"end":{"line":1,"column":34}},"1":{"start":{"line":9,"column":4},"end":{"line":9,"column":48}},"2":{"start":{"line":10,"column":26},"end":{"line":10,"column":68}},"3":{"start":{"line":11,"column":15},"end":{"line":11,"column":56}},"4":{"start":{"line":13,"column":15},"end":{"line":13,"column":31}},"5":{"start":{"line":16,"column":21},"end":{"line":23,"column":1}},"6":{"start":{"line":17,"column":4},"end":{"line":22,"column":7}},"7":{"start":{"line":18,"column":8},"end":{"line":20,"column":9}},"8":{"start":{"line":19,"column":12},"end":{"line":19,"column":66}},"9":{"start":{"line":21,"column":8},"end":{"line":21,"column":15}},"10":{"start":{"line":25,"column":0},"end":{"line":25,"column":65}},"11":{"start":{"line":26,"column":0},"end":{"line":26,"column":32}},"12":{"start":{"line":27,"column":0},"end":{"line":27,"column":56}},"13":{"start":{"line":28,"column":0},"end":{"line":28,"column":56}},"14":{"start":{"line":29,"column":0},"end":{"line":29,"column":67}},"15":{"start":{"line":30,"column":0},"end":{"line":30,"column":50}},"16":{"start":{"line":32,"column":0},"end":{"line":32,"column":24}}},"fnMap":{"0":{"name":"(anonymous_0)","decl":{"start":{"line":16,"column":21},"end":{"line":16,"column":22}},"loc":{"start":{"line":16,"column":41},"end":{"line":23,"column":1}},"line":16},"1":{"name":"(anonymous_1)","decl":{"start":{"line":17,"column":40},"end":{"line":17,"column":41}},"loc":{"start":{"line":17,"column":49},"end":{"line":22,"column":5}},"line":17}},"branchMap":{"0":{"loc":{"start":{"line":18,"column":8},"end":{"line":20,"column":9}},"type":"if","locations":[{"start":{"line":18,"column":8},"end":{"line":20,"column":9}},{"start":{},"end":{}}],"line":18}},"s":{"0":1,"1":1,"2":1,"3":1,"4":1,"5":1,"6":0,"7":0,"8":0,"9":0,"10":1,"11":1,"12":1,"13":1,"14":1,"15":1,"16":1},"f":{"0":0,"1":0},"b":{"0":[0,0]},"_coverageSchema":"1a1c01bbd47fc00a2c39e90264f33305004495a9","hash":"bdafd9818686888a97ab5a78f91ac95564d5ec43"}
,"C:\\Users\\omara\\FYP-rent-a-space\\backend\\routes\\messagesRoutes.js": {"path":"C:\\Users\\omara\\FYP-rent-a-space\\backend\\routes\\messagesRoutes.js","statementMap":{"0":{"start":{"line":1,"column":16},"end":{"line":1,"column":34}},"1":{"start":{"line":9,"column":4},"end":{"line":9,"column":48}},"2":{"start":{"line":10,"column":26},"end":{"line":10,"column":68}},"3":{"start":{"line":12,"column":15},"end":{"line":12,"column":31}},"4":{"start":{"line":15,"column":0},"end":{"line":15,"column":49}},"5":{"start":{"line":18,"column":0},"end":{"line":18,"column":76}},"6":{"start":{"line":21,"column":0},"end":{"line":21,"column":70}},"7":{"start":{"line":24,"column":0},"end":{"line":24,"column":69}},"8":{"start":{"line":27,"column":0},"end":{"line":27,"column":81}},"9":{"start":{"line":30,"column":0},"end":{"line":30,"column":81}},"10":{"start":{"line":32,"column":0},"end":{"line":32,"column":24}}},"fnMap":{},"branchMap":{},"s":{"0":1,"1":1,"2":1,"3":1,"4":1,"5":1,"6":1,"7":1,"8":1,"9":1,"10":1},"f":{},"b":{},"_coverageSchema":"1a1c01bbd47fc00a2c39e90264f33305004495a9","hash":"8830bf0595a73cb4eb08e1bb12b4a959b73d9df5"}
,"C:\\Users\\omara\\FYP-rent-a-space\\backend\\routes\\notificationRoutes.js": {"path":"C:\\Users\\omara\\FYP-rent-a-space\\backend\\routes\\notificationRoutes.js","statementMap":{"0":{"start":{"line":1,"column":16},"end":{"line":1,"column":34}},"1":{"start":{"line":9,"column":4},"end":{"line":9,"column":53}},"2":{"start":{"line":10,"column":26},"end":{"line":10,"column":68}},"3":{"start":{"line":12,"column":15},"end":{"line":12,"column":31}},"4":{"start":{"line":15,"column":0},"end":{"line":15,"column":57}},"5":{"start":{"line":18,"column":0},"end":{"line":18,"column":57}},"6":{"start":{"line":21,"column":0},"end":{"line":21,"column":55}},"7":{"start":{"line":24,"column":0},"end":{"line":24,"column":63}},"8":{"start":{"line":27,"column":0},"end":{"line":27,"column":61}},"9":{"start":{"line":29,"column":0},"end":{"line":29,"column":24}}},"fnMap":{},"branchMap":{},"s":{"0":1,"1":1,"2":1,"3":1,"4":1,"5":1,"6":1,"7":1,"8":1,"9":1},"f":{},"b":{},"_coverageSchema":"1a1c01bbd47fc00a2c39e90264f33305004495a9","hash":"975ddd182209394927490c033f18033c9577f48a"}
,"C:\\Users\\omara\\FYP-rent-a-space\\backend\\routes\\paymentRoutes.js": {"path":"C:\\Users\\omara\\FYP-rent-a-space\\backend\\routes\\paymentRoutes.js","statementMap":{"0":{"start":{"line":1,"column":16},"end":{"line":1,"column":34}},"1":{"start":{"line":8,"column":4},"end":{"line":8,"column":47}},"2":{"start":{"line":9,"column":26},"end":{"line":9,"column":68}},"3":{"start":{"line":10,"column":15},"end":{"line":10,"column":31}},"4":{"start":{"line":13,"column":0},"end":{"line":13,"column":78}},"5":{"start":{"line":16,"column":0},"end":{"line":16,"column":84}},"6":{"start":{"line":19,"column":0},"end":{"line":19,"column":75}},"7":{"start":{"line":22,"column":0},"end":{"line":22,"column":72}},"8":{"start":{"line":26,"column":0},"end":{"line":26,"column":82}},"9":{"start":{"line":28,"column":0},"end":{"line":28,"column":24}}},"fnMap":{},"branchMap":{},"s":{"0":1,"1":1,"2":1,"3":1,"4":1,"5":1,"6":1,"7":1,"8":1,"9":1},"f":{},"b":{},"_coverageSchema":"1a1c01bbd47fc00a2c39e90264f33305004495a9","hash":"efad8d0cdc50d00e96be7d174ed75fb6d33b5be9"}
,"C:\\Users\\omara\\FYP-rent-a-space\\backend\\routes\\profileRoutes.js": {"path":"C:\\Users\\omara\\FYP-rent-a-space\\backend\\routes\\profileRoutes.js","statementMap":{"0":{"start":{"line":1,"column":16},"end":{"line":1,"column":34}},"1":{"start":{"line":2,"column":15},"end":{"line":2,"column":31}},"2":{"start":{"line":3,"column":26},"end":{"line":3,"column":68}},"3":{"start":{"line":4,"column":15},"end":{"line":4,"column":56}},"4":{"start":{"line":10,"column":4},"end":{"line":10,"column":47}},"5":{"start":{"line":13,"column":0},"end":{"line":13,"column":58}},"6":{"start":{"line":16,"column":0},"end":{"line":16,"column":58}},"7":{"start":{"line":19,"column":0},"end":{"line":19,"column":54}},"8":{"start":{"line":22,"column":0},"end":{"line":22,"column":92}},"9":{"start":{"line":25,"column":0},"end":{"line":33,"column":3}},"10":{"start":{"line":26,"column":4},"end":{"line":28,"column":5}},"11":{"start":{"line":27,"column":8},"end":{"line":27,"column":70}},"12":{"start":{"line":29,"column":4},"end":{"line":31,"column":5}},"13":{"start":{"line":30,"column":8},"end":{"line":30,"column":69}},"14":{"start":{"line":32,"column":4},"end":{"line":32,"column":14}},"15":{"start":{"line":35,"column":0},"end":{"line":35,"column":24}}},"fnMap":{"0":{"name":"(anonymous_0)","decl":{"start":{"line":25,"column":11},"end":{"line":25,"column":12}},"loc":{"start":{"line":25,"column":36},"end":{"line":33,"column":1}},"line":25}},"branchMap":{"0":{"loc":{"start":{"line":26,"column":4},"end":{"line":28,"column":5}},"type":"if","locations":[{"start":{"line":26,"column":4},"end":{"line":28,"column":5}},{"start":{},"end":{}}],"line":26},"1":{"loc":{"start":{"line":29,"column":4},"end":{"line":31,"column":5}},"type":"if","locations":[{"start":{"line":29,"column":4},"end":{"line":31,"column":5}},{"start":{},"end":{}}],"line":29}},"s":{"0":1,"1":1,"2":1,"3":1,"4":1,"5":1,"6":1,"7":1,"8":1,"9":1,"10":0,"11":0,"12":0,"13":0,"14":0,"15":1},"f":{"0":0},"b":{"0":[0,0],"1":[0,0]},"_coverageSchema":"1a1c01bbd47fc00a2c39e90264f33305004495a9","hash":"9442e636858028a846ef85bef1a852e5fc6e5fb9"}
,"C:\\Users\\omara\\FYP-rent-a-space\\backend\\routes\\reviewsRoutes.js": {"path":"C:\\Users\\omara\\FYP-rent-a-space\\backend\\routes\\reviewsRoutes.js","statementMap":{"0":{"start":{"line":1,"column":16},"end":{"line":1,"column":34}},"1":{"start":{"line":8,"column":4},"end":{"line":8,"column":47}},"2":{"start":{"line":9,"column":26},"end":{"line":9,"column":68}},"3":{"start":{"line":11,"column":15},"end":{"line":11,"column":31}},"4":{"start":{"line":13,"column":0},"end":{"line":13,"column":50}},"5":{"start":{"line":14,"column":0},"end":{"line":14,"column":54}},"6":{"start":{"line":15,"column":0},"end":{"line":15,"column":55}},"7":{"start":{"line":16,"column":0},"end":{"line":16,"column":49}},"8":{"start":{"line":17,"column":0},"end":{"line":17,"column":61}},"9":{"start":{"line":19,"column":0},"end":{"line":19,"column":24}}},"fnMap":{},"branchMap":{},"s":{"0":1,"1":1,"2":1,"3":1,"4":1,"5":1,"6":1,"7":1,"8":1,"9":1},"f":{},"b":{},"_coverageSchema":"1a1c01bbd47fc00a2c39e90264f33305004495a9","hash":"662461a31112f6f1a4dbd176cbef84ff3907de70"}
,"C:\\Users\\omara\\FYP-rent-a-space\\backend\\routes\\spaceAnalysisRoutes.js": {"path":"C:\\Users\\omara\\FYP-rent-a-space\\backend\\routes\\spaceAnalysisRoutes.js","statementMap":{"0":{"start":{"line":1,"column":16},"end":{"line":1,"column":34}},"1":{"start":{"line":2,"column":25},"end":{"line":2,"column":74}},"2":{"start":{"line":3,"column":26},"end":{"line":3,"column":68}},"3":{"start":{"line":4,"column":15},"end":{"line":4,"column":56}},"4":{"start":{"line":6,"column":15},"end":{"line":6,"column":31}},"5":{"start":{"line":9,"column":0},"end":{"line":9,"column":81}},"6":{"start":{"line":11,"column":0},"end":{"line":11,"column":24}}},"fnMap":{},"branchMap":{},"s":{"0":1,"1":1,"2":1,"3":1,"4":1,"5":1,"6":1},"f":{},"b":{},"_coverageSchema":"1a1c01bbd47fc00a2c39e90264f33305004495a9","hash":"d7168b25da1b56af799fb1d756d16cd264323d9a"}
,"C:\\Users\\omara\\FYP-rent-a-space\\backend\\services\\tokenService.js": {"path":"C:\\Users\\omara\\FYP-rent-a-space\\backend\\services\\tokenService.js","statementMap":{"0":{"start":{"line":2,"column":12},"end":{"line":2,"column":35}},"1":{"start":{"line":3,"column":13},"end":{"line":3,"column":36}},"2":{"start":{"line":6,"column":28},"end":{"line":6,"column":59}},"3":{"start":{"line":7,"column":29},"end":{"line":7,"column":61}},"4":{"start":{"line":8,"column":28},"end":{"line":8,"column":68}},"5":{"start":{"line":9,"column":29},"end":{"line":9,"column":69}},"6":{"start":{"line":12,"column":23},"end":{"line":35,"column":1}},"7":{"start":{"line":13,"column":22},"end":{"line":13,"column":99}},"8":{"start":{"line":14,"column":23},"end":{"line":14,"column":102}},"9":{"start":{"line":17,"column":21},"end":{"line":17,"column":31}},"10":{"start":{"line":18,"column":2},"end":{"line":18,"column":47}},"11":{"start":{"line":20,"column":2},"end":{"line":32,"column":3}},"12":{"start":{"line":22,"column":4},"end":{"line":22,"column":97}},"13":{"start":{"line":25,"column":4},"end":{"line":28,"column":6}},"14":{"start":{"line":30,"column":4},"end":{"line":30,"column":57}},"15":{"start":{"line":31,"column":4},"end":{"line":31,"column":64}},"16":{"start":{"line":34,"column":2},"end":{"line":34,"column":39}},"17":{"start":{"line":38,"column":26},"end":{"line":44,"column":1}},"18":{"start":{"line":39,"column":2},"end":{"line":43,"column":3}},"19":{"start":{"line":40,"column":4},"end":{"line":40,"column":50}},"20":{"start":{"line":42,"column":4},"end":{"line":42,"column":16}},"21":{"start":{"line":47,"column":27},"end":{"line":72,"column":1}},"22":{"start":{"line":48,"column":2},"end":{"line":71,"column":3}},"23":{"start":{"line":50,"column":20},"end":{"line":50,"column":66}},"24":{"start":{"line":53,"column":19},"end":{"line":56,"column":5}},"25":{"start":{"line":58,"column":4},"end":{"line":60,"column":5}},"26":{"start":{"line":59,"column":6},"end":{"line":59,"column":18}},"27":{"start":{"line":63,"column":24},"end":{"line":65,"column":6}},"28":{"start":{"line":67,"column":4},"end":{"line":67,"column":23}},"29":{"start":{"line":69,"column":4},"end":{"line":69,"column":52}},"30":{"start":{"line":70,"column":4},"end":{"line":70,"column":16}},"31":{"start":{"line":75,"column":27},"end":{"line":83,"column":1}},"32":{"start":{"line":76,"column":2},"end":{"line":82,"column":3}},"33":{"start":{"line":77,"column":4},"end":{"line":77,"column":101}},"34":{"start":{"line":78,"column":4},"end":{"line":78,"column":16}},"35":{"start":{"line":80,"column":4},"end":{"line":80,"column":50}},"36":{"start":{"line":81,"column":4},"end":{"line":81,"column":17}},"37":{"start":{"line":85,"column":0},"end":{"line":90,"column":2}}},"fnMap":{"0":{"name":"(anonymous_0)","decl":{"start":{"line":12,"column":23},"end":{"line":12,"column":24}},"loc":{"start":{"line":12,"column":41},"end":{"line":35,"column":1}},"line":12},"1":{"name":"(anonymous_1)","decl":{"start":{"line":38,"column":26},"end":{"line":38,"column":27}},"loc":{"start":{"line":38,"column":37},"end":{"line":44,"column":1}},"line":38},"2":{"name":"(anonymous_2)","decl":{"start":{"line":47,"column":27},"end":{"line":47,"column":28}},"loc":{"start":{"line":47,"column":51},"end":{"line":72,"column":1}},"line":47},"3":{"name":"(anonymous_3)","decl":{"start":{"line":75,"column":27},"end":{"line":75,"column":28}},"loc":{"start":{"line":75,"column":51},"end":{"line":83,"column":1}},"line":75}},"branchMap":{"0":{"loc":{"start":{"line":8,"column":28},"end":{"line":8,"column":68}},"type":"binary-expr","locations":[{"start":{"line":8,"column":28},"end":{"line":8,"column":59}},{"start":{"line":8,"column":63},"end":{"line":8,"column":68}}],"line":8},"1":{"loc":{"start":{"line":9,"column":29},"end":{"line":9,"column":69}},"type":"binary-expr","locations":[{"start":{"line":9,"column":29},"end":{"line":9,"column":61}},{"start":{"line":9,"column":65},"end":{"line":9,"column":69}}],"line":9},"2":{"loc":{"start":{"line":58,"column":4},"end":{"line":60,"column":5}},"type":"if","locations":[{"start":{"line":58,"column":4},"end":{"line":60,"column":5}},{"start":{},"end":{}}],"line":58}},"s":{"0":1,"1":1,"2":1,"3":1,"4":1,"5":1,"6":1,"7":53,"8":53,"9":53,"10":53,"11":53,"12":53,"13":53,"14":0,"15":0,"16":53,"17":1,"18":68,"19":68,"20":0,"21":1,"22":0,"23":0,"24":0,"25":0,"26":0,"27":0,"28":0,"29":0,"30":0,"31":1,"32":0,"33":0,"34":0,"35":0,"36":0,"37":1},"f":{"0":53,"1":68,"2":0,"3":0},"b":{"0":[1,0],"1":[1,0],"2":[0,0]},"_coverageSchema":"1a1c01bbd47fc00a2c39e90264f33305004495a9","hash":"a64c236626993c0957792a379fb4739a7a93d824"}
}
